
AVRASM ver. 2.1.30  E:\Projects\Lomba-lomba\LiFo - Vexillarius\V1\List\Vexillarius V1.asm Sat Jun 16 12:10:22 2012

E:\Projects\Lomba-lomba\LiFo - Vexillarius\V1\List\Vexillarius V1.asm(1059): warning: Register r4 already defined by the .DEF directive
E:\Projects\Lomba-lomba\LiFo - Vexillarius\V1\List\Vexillarius V1.asm(1060): warning: Register r7 already defined by the .DEF directive
E:\Projects\Lomba-lomba\LiFo - Vexillarius\V1\List\Vexillarius V1.asm(1061): warning: Register r8 already defined by the .DEF directive
E:\Projects\Lomba-lomba\LiFo - Vexillarius\V1\List\Vexillarius V1.asm(1062): warning: Register r10 already defined by the .DEF directive
E:\Projects\Lomba-lomba\LiFo - Vexillarius\V1\List\Vexillarius V1.asm(1063): warning: Register r6 already defined by the .DEF directive
E:\Projects\Lomba-lomba\LiFo - Vexillarius\V1\List\Vexillarius V1.asm(1064): warning: Register r13 already defined by the .DEF directive
E:\Projects\Lomba-lomba\LiFo - Vexillarius\V1\List\Vexillarius V1.asm(1065): warning: Register r12 already defined by the .DEF directive
                 
                 
                 ;CodeVisionAVR C Compiler V2.05.0 Professional
                 ;(C) Copyright 1998-2010 Pavel Haiduc, HP InfoTech s.r.l.
                 ;http://www.hpinfotech.com
                 
                 ;Chip type                : ATmega32
                 ;Program type             : Application
                 ;Clock frequency          : 16.000000 MHz
                 ;Memory model             : Small
                 ;Optimize for             : Size
                 ;(s)printf features       : int, width
                 ;(s)scanf features        : int, width
                 ;External RAM size        : 0
                 ;Data Stack size          : 512 byte(s)
                 ;Heap size                : 0 byte(s)
                 ;Promote 'char' to 'int'  : No
                 ;'char' is unsigned       : Yes
                 ;8 bit enums              : Yes
                 ;global 'const' stored in FLASH: No
                 ;Enhanced core instructions    : On
                 ;Smart register allocation     : On
                 ;Automatic register allocation : On
                 
                 	#pragma AVRPART ADMIN PART_NAME ATmega32
                 	#pragma AVRPART MEMORY PROG_FLASH 32768
                 	#pragma AVRPART MEMORY EEPROM 1024
                 	#pragma AVRPART MEMORY INT_SRAM SIZE 2143
                 	#pragma AVRPART MEMORY INT_SRAM START_ADDR 0x60
                 
                 	#define CALL_SUPPORTED 1
                 
                 	.LISTMAC
                 	.EQU UDRE=0x5
                 	.EQU RXC=0x7
                 	.EQU USR=0xB
                 	.EQU UDR=0xC
                 	.EQU SPSR=0xE
                 	.EQU SPDR=0xF
                 	.EQU EERE=0x0
                 	.EQU EEWE=0x1
                 	.EQU EEMWE=0x2
                 	.EQU EECR=0x1C
                 	.EQU EEDR=0x1D
                 	.EQU EEARL=0x1E
                 	.EQU EEARH=0x1F
                 	.EQU WDTCR=0x21
                 	.EQU MCUCR=0x35
                 	.EQU GICR=0x3B
                 	.EQU SPL=0x3D
                 	.EQU SPH=0x3E
                 	.EQU SREG=0x3F
                 
                 	.DEF R0X0=R0
                 	.DEF R0X1=R1
                 	.DEF R0X2=R2
                 	.DEF R0X3=R3
                 	.DEF R0X4=R4
                 	.DEF R0X5=R5
                 	.DEF R0X6=R6
                 	.DEF R0X7=R7
                 	.DEF R0X8=R8
                 	.DEF R0X9=R9
                 	.DEF R0XA=R10
                 	.DEF R0XB=R11
                 	.DEF R0XC=R12
                 	.DEF R0XD=R13
                 	.DEF R0XE=R14
                 	.DEF R0XF=R15
                 	.DEF R0X10=R16
                 	.DEF R0X11=R17
                 	.DEF R0X12=R18
                 	.DEF R0X13=R19
                 	.DEF R0X14=R20
                 	.DEF R0X15=R21
                 	.DEF R0X16=R22
                 	.DEF R0X17=R23
                 	.DEF R0X18=R24
                 	.DEF R0X19=R25
                 	.DEF R0X1A=R26
                 	.DEF R0X1B=R27
                 	.DEF R0X1C=R28
                 	.DEF R0X1D=R29
                 	.DEF R0X1E=R30
                 	.DEF R0X1F=R31
                 
                 	.EQU __SRAM_START=0x0060
                 	.EQU __SRAM_END=0x085F
                 	.EQU __DSTACK_SIZE=0x0200
                 	.EQU __HEAP_SIZE=0x0000
                 	.EQU __CLEAR_SRAM_SIZE=__SRAM_END-__SRAM_START+1
                 
                 	.MACRO __CPD1N
                 	CPI  R30,LOW(@0)
                 	LDI  R26,HIGH(@0)
                 	CPC  R31,R26
                 	LDI  R26,BYTE3(@0)
                 	CPC  R22,R26
                 	LDI  R26,BYTE4(@0)
                 	CPC  R23,R26
                 	.ENDM
                 
                 	.MACRO __CPD2N
                 	CPI  R26,LOW(@0)
                 	LDI  R30,HIGH(@0)
                 	CPC  R27,R30
                 	LDI  R30,BYTE3(@0)
                 	CPC  R24,R30
                 	LDI  R30,BYTE4(@0)
                 	CPC  R25,R30
                 	.ENDM
                 
                 	.MACRO __CPWRR
                 	CP   R@0,R@2
                 	CPC  R@1,R@3
                 	.ENDM
                 
                 	.MACRO __CPWRN
                 	CPI  R@0,LOW(@2)
                 	LDI  R30,HIGH(@2)
                 	CPC  R@1,R30
                 	.ENDM
                 
                 	.MACRO __ADDB1MN
                 	SUBI R30,LOW(-@0-(@1))
                 	.ENDM
                 
                 	.MACRO __ADDB2MN
                 	SUBI R26,LOW(-@0-(@1))
                 	.ENDM
                 
                 	.MACRO __ADDW1MN
                 	SUBI R30,LOW(-@0-(@1))
                 	SBCI R31,HIGH(-@0-(@1))
                 	.ENDM
                 
                 	.MACRO __ADDW2MN
                 	SUBI R26,LOW(-@0-(@1))
                 	SBCI R27,HIGH(-@0-(@1))
                 	.ENDM
                 
                 	.MACRO __ADDW1FN
                 	SUBI R30,LOW(-2*@0-(@1))
                 	SBCI R31,HIGH(-2*@0-(@1))
                 	.ENDM
                 
                 	.MACRO __ADDD1FN
                 	SUBI R30,LOW(-2*@0-(@1))
                 	SBCI R31,HIGH(-2*@0-(@1))
                 	SBCI R22,BYTE3(-2*@0-(@1))
                 	.ENDM
                 
                 	.MACRO __ADDD1N
                 	SUBI R30,LOW(-@0)
                 	SBCI R31,HIGH(-@0)
                 	SBCI R22,BYTE3(-@0)
                 	SBCI R23,BYTE4(-@0)
                 	.ENDM
                 
                 	.MACRO __ADDD2N
                 	SUBI R26,LOW(-@0)
                 	SBCI R27,HIGH(-@0)
                 	SBCI R24,BYTE3(-@0)
                 	SBCI R25,BYTE4(-@0)
                 	.ENDM
                 
                 	.MACRO __SUBD1N
                 	SUBI R30,LOW(@0)
                 	SBCI R31,HIGH(@0)
                 	SBCI R22,BYTE3(@0)
                 	SBCI R23,BYTE4(@0)
                 	.ENDM
                 
                 	.MACRO __SUBD2N
                 	SUBI R26,LOW(@0)
                 	SBCI R27,HIGH(@0)
                 	SBCI R24,BYTE3(@0)
                 	SBCI R25,BYTE4(@0)
                 	.ENDM
                 
                 	.MACRO __ANDBMNN
                 	LDS  R30,@0+(@1)
                 	ANDI R30,LOW(@2)
                 	STS  @0+(@1),R30
                 	.ENDM
                 
                 	.MACRO __ANDWMNN
                 	LDS  R30,@0+(@1)
                 	ANDI R30,LOW(@2)
                 	STS  @0+(@1),R30
                 	LDS  R30,@0+(@1)+1
                 	ANDI R30,HIGH(@2)
                 	STS  @0+(@1)+1,R30
                 	.ENDM
                 
                 	.MACRO __ANDD1N
                 	ANDI R30,LOW(@0)
                 	ANDI R31,HIGH(@0)
                 	ANDI R22,BYTE3(@0)
                 	ANDI R23,BYTE4(@0)
                 	.ENDM
                 
                 	.MACRO __ANDD2N
                 	ANDI R26,LOW(@0)
                 	ANDI R27,HIGH(@0)
                 	ANDI R24,BYTE3(@0)
                 	ANDI R25,BYTE4(@0)
                 	.ENDM
                 
                 	.MACRO __ORBMNN
                 	LDS  R30,@0+(@1)
                 	ORI  R30,LOW(@2)
                 	STS  @0+(@1),R30
                 	.ENDM
                 
                 	.MACRO __ORWMNN
                 	LDS  R30,@0+(@1)
                 	ORI  R30,LOW(@2)
                 	STS  @0+(@1),R30
                 	LDS  R30,@0+(@1)+1
                 	ORI  R30,HIGH(@2)
                 	STS  @0+(@1)+1,R30
                 	.ENDM
                 
                 	.MACRO __ORD1N
                 	ORI  R30,LOW(@0)
                 	ORI  R31,HIGH(@0)
                 	ORI  R22,BYTE3(@0)
                 	ORI  R23,BYTE4(@0)
                 	.ENDM
                 
                 	.MACRO __ORD2N
                 	ORI  R26,LOW(@0)
                 	ORI  R27,HIGH(@0)
                 	ORI  R24,BYTE3(@0)
                 	ORI  R25,BYTE4(@0)
                 	.ENDM
                 
                 	.MACRO __DELAY_USB
                 	LDI  R24,LOW(@0)
                 __DELAY_USB_LOOP:
                 	DEC  R24
                 	BRNE __DELAY_USB_LOOP
                 	.ENDM
                 
                 	.MACRO __DELAY_USW
                 	LDI  R24,LOW(@0)
                 	LDI  R25,HIGH(@0)
                 __DELAY_USW_LOOP:
                 	SBIW R24,1
                 	BRNE __DELAY_USW_LOOP
                 	.ENDM
                 
                 	.MACRO __GETD1S
                 	LDD  R30,Y+@0
                 	LDD  R31,Y+@0+1
                 	LDD  R22,Y+@0+2
                 	LDD  R23,Y+@0+3
                 	.ENDM
                 
                 	.MACRO __GETD2S
                 	LDD  R26,Y+@0
                 	LDD  R27,Y+@0+1
                 	LDD  R24,Y+@0+2
                 	LDD  R25,Y+@0+3
                 	.ENDM
                 
                 	.MACRO __PUTD1S
                 	STD  Y+@0,R30
                 	STD  Y+@0+1,R31
                 	STD  Y+@0+2,R22
                 	STD  Y+@0+3,R23
                 	.ENDM
                 
                 	.MACRO __PUTD2S
                 	STD  Y+@0,R26
                 	STD  Y+@0+1,R27
                 	STD  Y+@0+2,R24
                 	STD  Y+@0+3,R25
                 	.ENDM
                 
                 	.MACRO __PUTDZ2
                 	STD  Z+@0,R26
                 	STD  Z+@0+1,R27
                 	STD  Z+@0+2,R24
                 	STD  Z+@0+3,R25
                 	.ENDM
                 
                 	.MACRO __CLRD1S
                 	STD  Y+@0,R30
                 	STD  Y+@0+1,R30
                 	STD  Y+@0+2,R30
                 	STD  Y+@0+3,R30
                 	.ENDM
                 
                 	.MACRO __POINTB1MN
                 	LDI  R30,LOW(@0+(@1))
                 	.ENDM
                 
                 	.MACRO __POINTW1MN
                 	LDI  R30,LOW(@0+(@1))
                 	LDI  R31,HIGH(@0+(@1))
                 	.ENDM
                 
                 	.MACRO __POINTD1M
                 	LDI  R30,LOW(@0)
                 	LDI  R31,HIGH(@0)
                 	LDI  R22,BYTE3(@0)
                 	LDI  R23,BYTE4(@0)
                 	.ENDM
                 
                 	.MACRO __POINTW1FN
                 	LDI  R30,LOW(2*@0+(@1))
                 	LDI  R31,HIGH(2*@0+(@1))
                 	.ENDM
                 
                 	.MACRO __POINTD1FN
                 	LDI  R30,LOW(2*@0+(@1))
                 	LDI  R31,HIGH(2*@0+(@1))
                 	LDI  R22,BYTE3(2*@0+(@1))
                 	LDI  R23,BYTE4(2*@0+(@1))
                 	.ENDM
                 
                 	.MACRO __POINTB2MN
                 	LDI  R26,LOW(@0+(@1))
                 	.ENDM
                 
                 	.MACRO __POINTW2MN
                 	LDI  R26,LOW(@0+(@1))
                 	LDI  R27,HIGH(@0+(@1))
                 	.ENDM
                 
                 	.MACRO __POINTBRM
                 	LDI  R@0,LOW(@1)
                 	.ENDM
                 
                 	.MACRO __POINTWRM
                 	LDI  R@0,LOW(@2)
                 	LDI  R@1,HIGH(@2)
                 	.ENDM
                 
                 	.MACRO __POINTBRMN
                 	LDI  R@0,LOW(@1+(@2))
                 	.ENDM
                 
                 	.MACRO __POINTWRMN
                 	LDI  R@0,LOW(@2+(@3))
                 	LDI  R@1,HIGH(@2+(@3))
                 	.ENDM
                 
                 	.MACRO __POINTWRFN
                 	LDI  R@0,LOW(@2*2+(@3))
                 	LDI  R@1,HIGH(@2*2+(@3))
                 	.ENDM
                 
                 	.MACRO __GETD1N
                 	LDI  R30,LOW(@0)
                 	LDI  R31,HIGH(@0)
                 	LDI  R22,BYTE3(@0)
                 	LDI  R23,BYTE4(@0)
                 	.ENDM
                 
                 	.MACRO __GETD2N
                 	LDI  R26,LOW(@0)
                 	LDI  R27,HIGH(@0)
                 	LDI  R24,BYTE3(@0)
                 	LDI  R25,BYTE4(@0)
                 	.ENDM
                 
                 	.MACRO __GETB1MN
                 	LDS  R30,@0+(@1)
                 	.ENDM
                 
                 	.MACRO __GETB1HMN
                 	LDS  R31,@0+(@1)
                 	.ENDM
                 
                 	.MACRO __GETW1MN
                 	LDS  R30,@0+(@1)
                 	LDS  R31,@0+(@1)+1
                 	.ENDM
                 
                 	.MACRO __GETD1MN
                 	LDS  R30,@0+(@1)
                 	LDS  R31,@0+(@1)+1
                 	LDS  R22,@0+(@1)+2
                 	LDS  R23,@0+(@1)+3
                 	.ENDM
                 
                 	.MACRO __GETBRMN
                 	LDS  R@0,@1+(@2)
                 	.ENDM
                 
                 	.MACRO __GETWRMN
                 	LDS  R@0,@2+(@3)
                 	LDS  R@1,@2+(@3)+1
                 	.ENDM
                 
                 	.MACRO __GETWRZ
                 	LDD  R@0,Z+@2
                 	LDD  R@1,Z+@2+1
                 	.ENDM
                 
                 	.MACRO __GETD2Z
                 	LDD  R26,Z+@0
                 	LDD  R27,Z+@0+1
                 	LDD  R24,Z+@0+2
                 	LDD  R25,Z+@0+3
                 	.ENDM
                 
                 	.MACRO __GETB2MN
                 	LDS  R26,@0+(@1)
                 	.ENDM
                 
                 	.MACRO __GETW2MN
                 	LDS  R26,@0+(@1)
                 	LDS  R27,@0+(@1)+1
                 	.ENDM
                 
                 	.MACRO __GETD2MN
                 	LDS  R26,@0+(@1)
                 	LDS  R27,@0+(@1)+1
                 	LDS  R24,@0+(@1)+2
                 	LDS  R25,@0+(@1)+3
                 	.ENDM
                 
                 	.MACRO __PUTB1MN
                 	STS  @0+(@1),R30
                 	.ENDM
                 
                 	.MACRO __PUTW1MN
                 	STS  @0+(@1),R30
                 	STS  @0+(@1)+1,R31
                 	.ENDM
                 
                 	.MACRO __PUTD1MN
                 	STS  @0+(@1),R30
                 	STS  @0+(@1)+1,R31
                 	STS  @0+(@1)+2,R22
                 	STS  @0+(@1)+3,R23
                 	.ENDM
                 
                 	.MACRO __PUTB1EN
                 	LDI  R26,LOW(@0+(@1))
                 	LDI  R27,HIGH(@0+(@1))
                 	CALL __EEPROMWRB
                 	.ENDM
                 
                 	.MACRO __PUTW1EN
                 	LDI  R26,LOW(@0+(@1))
                 	LDI  R27,HIGH(@0+(@1))
                 	CALL __EEPROMWRW
                 	.ENDM
                 
                 	.MACRO __PUTD1EN
                 	LDI  R26,LOW(@0+(@1))
                 	LDI  R27,HIGH(@0+(@1))
                 	CALL __EEPROMWRD
                 	.ENDM
                 
                 	.MACRO __PUTBR0MN
                 	STS  @0+(@1),R0
                 	.ENDM
                 
                 	.MACRO __PUTBMRN
                 	STS  @0+(@1),R@2
                 	.ENDM
                 
                 	.MACRO __PUTWMRN
                 	STS  @0+(@1),R@2
                 	STS  @0+(@1)+1,R@3
                 	.ENDM
                 
                 	.MACRO __PUTBZR
                 	STD  Z+@1,R@0
                 	.ENDM
                 
                 	.MACRO __PUTWZR
                 	STD  Z+@2,R@0
                 	STD  Z+@2+1,R@1
                 	.ENDM
                 
                 	.MACRO __GETW1R
                 	MOV  R30,R@0
                 	MOV  R31,R@1
                 	.ENDM
                 
                 	.MACRO __GETW2R
                 	MOV  R26,R@0
                 	MOV  R27,R@1
                 	.ENDM
                 
                 	.MACRO __GETWRN
                 	LDI  R@0,LOW(@2)
                 	LDI  R@1,HIGH(@2)
                 	.ENDM
                 
                 	.MACRO __PUTW1R
                 	MOV  R@0,R30
                 	MOV  R@1,R31
                 	.ENDM
                 
                 	.MACRO __PUTW2R
                 	MOV  R@0,R26
                 	MOV  R@1,R27
                 	.ENDM
                 
                 	.MACRO __ADDWRN
                 	SUBI R@0,LOW(-@2)
                 	SBCI R@1,HIGH(-@2)
                 	.ENDM
                 
                 	.MACRO __ADDWRR
                 	ADD  R@0,R@2
                 	ADC  R@1,R@3
                 	.ENDM
                 
                 	.MACRO __SUBWRN
                 	SUBI R@0,LOW(@2)
                 	SBCI R@1,HIGH(@2)
                 	.ENDM
                 
                 	.MACRO __SUBWRR
                 	SUB  R@0,R@2
                 	SBC  R@1,R@3
                 	.ENDM
                 
                 	.MACRO __ANDWRN
                 	ANDI R@0,LOW(@2)
                 	ANDI R@1,HIGH(@2)
                 	.ENDM
                 
                 	.MACRO __ANDWRR
                 	AND  R@0,R@2
                 	AND  R@1,R@3
                 	.ENDM
                 
                 	.MACRO __ORWRN
                 	ORI  R@0,LOW(@2)
                 	ORI  R@1,HIGH(@2)
                 	.ENDM
                 
                 	.MACRO __ORWRR
                 	OR   R@0,R@2
                 	OR   R@1,R@3
                 	.ENDM
                 
                 	.MACRO __EORWRR
                 	EOR  R@0,R@2
                 	EOR  R@1,R@3
                 	.ENDM
                 
                 	.MACRO __GETWRS
                 	LDD  R@0,Y+@2
                 	LDD  R@1,Y+@2+1
                 	.ENDM
                 
                 	.MACRO __PUTBSR
                 	STD  Y+@1,R@0
                 	.ENDM
                 
                 	.MACRO __PUTWSR
                 	STD  Y+@2,R@0
                 	STD  Y+@2+1,R@1
                 	.ENDM
                 
                 	.MACRO __MOVEWRR
                 	MOV  R@0,R@2
                 	MOV  R@1,R@3
                 	.ENDM
                 
                 	.MACRO __INWR
                 	IN   R@0,@2
                 	IN   R@1,@2+1
                 	.ENDM
                 
                 	.MACRO __OUTWR
                 	OUT  @2+1,R@1
                 	OUT  @2,R@0
                 	.ENDM
                 
                 	.MACRO __CALL1MN
                 	LDS  R30,@0+(@1)
                 	LDS  R31,@0+(@1)+1
                 	ICALL
                 	.ENDM
                 
                 	.MACRO __CALL1FN
                 	LDI  R30,LOW(2*@0+(@1))
                 	LDI  R31,HIGH(2*@0+(@1))
                 	CALL __GETW1PF
                 	ICALL
                 	.ENDM
                 
                 	.MACRO __CALL2EN
                 	LDI  R26,LOW(@0+(@1))
                 	LDI  R27,HIGH(@0+(@1))
                 	CALL __EEPROMRDW
                 	ICALL
                 	.ENDM
                 
                 	.MACRO __GETW1STACK
                 	IN   R26,SPL
                 	IN   R27,SPH
                 	ADIW R26,@0+1
                 	LD   R30,X+
                 	LD   R31,X
                 	.ENDM
                 
                 	.MACRO __GETD1STACK
                 	IN   R26,SPL
                 	IN   R27,SPH
                 	ADIW R26,@0+1
                 	LD   R30,X+
                 	LD   R31,X+
                 	LD   R22,X
                 	.ENDM
                 
                 	.MACRO __NBST
                 	BST  R@0,@1
                 	IN   R30,SREG
                 	LDI  R31,0x40
                 	EOR  R30,R31
                 	OUT  SREG,R30
                 	.ENDM
                 
                 
                 	.MACRO __PUTB1SN
                 	LDD  R26,Y+@0
                 	LDD  R27,Y+@0+1
                 	SUBI R26,LOW(-@1)
                 	SBCI R27,HIGH(-@1)
                 	ST   X,R30
                 	.ENDM
                 
                 	.MACRO __PUTW1SN
                 	LDD  R26,Y+@0
                 	LDD  R27,Y+@0+1
                 	SUBI R26,LOW(-@1)
                 	SBCI R27,HIGH(-@1)
                 	ST   X+,R30
                 	ST   X,R31
                 	.ENDM
                 
                 	.MACRO __PUTD1SN
                 	LDD  R26,Y+@0
                 	LDD  R27,Y+@0+1
                 	SUBI R26,LOW(-@1)
                 	SBCI R27,HIGH(-@1)
                 	CALL __PUTDP1
                 	.ENDM
                 
                 	.MACRO __PUTB1SNS
                 	LDD  R26,Y+@0
                 	LDD  R27,Y+@0+1
                 	ADIW R26,@1
                 	ST   X,R30
                 	.ENDM
                 
                 	.MACRO __PUTW1SNS
                 	LDD  R26,Y+@0
                 	LDD  R27,Y+@0+1
                 	ADIW R26,@1
                 	ST   X+,R30
                 	ST   X,R31
                 	.ENDM
                 
                 	.MACRO __PUTD1SNS
                 	LDD  R26,Y+@0
                 	LDD  R27,Y+@0+1
                 	ADIW R26,@1
                 	CALL __PUTDP1
                 	.ENDM
                 
                 	.MACRO __PUTB1PMN
                 	LDS  R26,@0
                 	LDS  R27,@0+1
                 	SUBI R26,LOW(-@1)
                 	SBCI R27,HIGH(-@1)
                 	ST   X,R30
                 	.ENDM
                 
                 	.MACRO __PUTW1PMN
                 	LDS  R26,@0
                 	LDS  R27,@0+1
                 	SUBI R26,LOW(-@1)
                 	SBCI R27,HIGH(-@1)
                 	ST   X+,R30
                 	ST   X,R31
                 	.ENDM
                 
                 	.MACRO __PUTD1PMN
                 	LDS  R26,@0
                 	LDS  R27,@0+1
                 	SUBI R26,LOW(-@1)
                 	SBCI R27,HIGH(-@1)
                 	CALL __PUTDP1
                 	.ENDM
                 
                 	.MACRO __PUTB1PMNS
                 	LDS  R26,@0
                 	LDS  R27,@0+1
                 	ADIW R26,@1
                 	ST   X,R30
                 	.ENDM
                 
                 	.MACRO __PUTW1PMNS
                 	LDS  R26,@0
                 	LDS  R27,@0+1
                 	ADIW R26,@1
                 	ST   X+,R30
                 	ST   X,R31
                 	.ENDM
                 
                 	.MACRO __PUTD1PMNS
                 	LDS  R26,@0
                 	LDS  R27,@0+1
                 	ADIW R26,@1
                 	CALL __PUTDP1
                 	.ENDM
                 
                 	.MACRO __PUTB1RN
                 	MOVW R26,R@0
                 	SUBI R26,LOW(-@1)
                 	SBCI R27,HIGH(-@1)
                 	ST   X,R30
                 	.ENDM
                 
                 	.MACRO __PUTW1RN
                 	MOVW R26,R@0
                 	SUBI R26,LOW(-@1)
                 	SBCI R27,HIGH(-@1)
                 	ST   X+,R30
                 	ST   X,R31
                 	.ENDM
                 
                 	.MACRO __PUTD1RN
                 	MOVW R26,R@0
                 	SUBI R26,LOW(-@1)
                 	SBCI R27,HIGH(-@1)
                 	CALL __PUTDP1
                 	.ENDM
                 
                 	.MACRO __PUTB1RNS
                 	MOVW R26,R@0
                 	ADIW R26,@1
                 	ST   X,R30
                 	.ENDM
                 
                 	.MACRO __PUTW1RNS
                 	MOVW R26,R@0
                 	ADIW R26,@1
                 	ST   X+,R30
                 	ST   X,R31
                 	.ENDM
                 
                 	.MACRO __PUTD1RNS
                 	MOVW R26,R@0
                 	ADIW R26,@1
                 	CALL __PUTDP1
                 	.ENDM
                 
                 	.MACRO __PUTB1RON
                 	MOV  R26,R@0
                 	MOV  R27,R@1
                 	SUBI R26,LOW(-@2)
                 	SBCI R27,HIGH(-@2)
                 	ST   X,R30
                 	.ENDM
                 
                 	.MACRO __PUTW1RON
                 	MOV  R26,R@0
                 	MOV  R27,R@1
                 	SUBI R26,LOW(-@2)
                 	SBCI R27,HIGH(-@2)
                 	ST   X+,R30
                 	ST   X,R31
                 	.ENDM
                 
                 	.MACRO __PUTD1RON
                 	MOV  R26,R@0
                 	MOV  R27,R@1
                 	SUBI R26,LOW(-@2)
                 	SBCI R27,HIGH(-@2)
                 	CALL __PUTDP1
                 	.ENDM
                 
                 	.MACRO __PUTB1RONS
                 	MOV  R26,R@0
                 	MOV  R27,R@1
                 	ADIW R26,@2
                 	ST   X,R30
                 	.ENDM
                 
                 	.MACRO __PUTW1RONS
                 	MOV  R26,R@0
                 	MOV  R27,R@1
                 	ADIW R26,@2
                 	ST   X+,R30
                 	ST   X,R31
                 	.ENDM
                 
                 	.MACRO __PUTD1RONS
                 	MOV  R26,R@0
                 	MOV  R27,R@1
                 	ADIW R26,@2
                 	CALL __PUTDP1
                 	.ENDM
                 
                 
                 	.MACRO __GETB1SX
                 	MOVW R30,R28
                 	SUBI R30,LOW(-@0)
                 	SBCI R31,HIGH(-@0)
                 	LD   R30,Z
                 	.ENDM
                 
                 	.MACRO __GETB1HSX
                 	MOVW R30,R28
                 	SUBI R30,LOW(-@0)
                 	SBCI R31,HIGH(-@0)
                 	LD   R31,Z
                 	.ENDM
                 
                 	.MACRO __GETW1SX
                 	MOVW R30,R28
                 	SUBI R30,LOW(-@0)
                 	SBCI R31,HIGH(-@0)
                 	LD   R0,Z+
                 	LD   R31,Z
                 	MOV  R30,R0
                 	.ENDM
                 
                 	.MACRO __GETD1SX
                 	MOVW R30,R28
                 	SUBI R30,LOW(-@0)
                 	SBCI R31,HIGH(-@0)
                 	LD   R0,Z+
                 	LD   R1,Z+
                 	LD   R22,Z+
                 	LD   R23,Z
                 	MOVW R30,R0
                 	.ENDM
                 
                 	.MACRO __GETB2SX
                 	MOVW R26,R28
                 	SUBI R26,LOW(-@0)
                 	SBCI R27,HIGH(-@0)
                 	LD   R26,X
                 	.ENDM
                 
                 	.MACRO __GETW2SX
                 	MOVW R26,R28
                 	SUBI R26,LOW(-@0)
                 	SBCI R27,HIGH(-@0)
                 	LD   R0,X+
                 	LD   R27,X
                 	MOV  R26,R0
                 	.ENDM
                 
                 	.MACRO __GETD2SX
                 	MOVW R26,R28
                 	SUBI R26,LOW(-@0)
                 	SBCI R27,HIGH(-@0)
                 	LD   R0,X+
                 	LD   R1,X+
                 	LD   R24,X+
                 	LD   R25,X
                 	MOVW R26,R0
                 	.ENDM
                 
                 	.MACRO __GETBRSX
                 	MOVW R30,R28
                 	SUBI R30,LOW(-@1)
                 	SBCI R31,HIGH(-@1)
                 	LD   R@0,Z
                 	.ENDM
                 
                 	.MACRO __GETWRSX
                 	MOVW R30,R28
                 	SUBI R30,LOW(-@2)
                 	SBCI R31,HIGH(-@2)
                 	LD   R@0,Z+
                 	LD   R@1,Z
                 	.ENDM
                 
                 	.MACRO __GETBRSX2
                 	MOVW R26,R28
                 	SUBI R26,LOW(-@1)
                 	SBCI R27,HIGH(-@1)
                 	LD   R@0,X
                 	.ENDM
                 
                 	.MACRO __GETWRSX2
                 	MOVW R26,R28
                 	SUBI R26,LOW(-@2)
                 	SBCI R27,HIGH(-@2)
                 	LD   R@0,X+
                 	LD   R@1,X
                 	.ENDM
                 
                 	.MACRO __LSLW8SX
                 	MOVW R30,R28
                 	SUBI R30,LOW(-@0)
                 	SBCI R31,HIGH(-@0)
                 	LD   R31,Z
                 	CLR  R30
                 	.ENDM
                 
                 	.MACRO __PUTB1SX
                 	MOVW R26,R28
                 	SUBI R26,LOW(-@0)
                 	SBCI R27,HIGH(-@0)
                 	ST   X,R30
                 	.ENDM
                 
                 	.MACRO __PUTW1SX
                 	MOVW R26,R28
                 	SUBI R26,LOW(-@0)
                 	SBCI R27,HIGH(-@0)
                 	ST   X+,R30
                 	ST   X,R31
                 	.ENDM
                 
                 	.MACRO __PUTD1SX
                 	MOVW R26,R28
                 	SUBI R26,LOW(-@0)
                 	SBCI R27,HIGH(-@0)
                 	ST   X+,R30
                 	ST   X+,R31
                 	ST   X+,R22
                 	ST   X,R23
                 	.ENDM
                 
                 	.MACRO __CLRW1SX
                 	MOVW R26,R28
                 	SUBI R26,LOW(-@0)
                 	SBCI R27,HIGH(-@0)
                 	ST   X+,R30
                 	ST   X,R30
                 	.ENDM
                 
                 	.MACRO __CLRD1SX
                 	MOVW R26,R28
                 	SUBI R26,LOW(-@0)
                 	SBCI R27,HIGH(-@0)
                 	ST   X+,R30
                 	ST   X+,R30
                 	ST   X+,R30
                 	ST   X,R30
                 	.ENDM
                 
                 	.MACRO __PUTB2SX
                 	MOVW R30,R28
                 	SUBI R30,LOW(-@0)
                 	SBCI R31,HIGH(-@0)
                 	ST   Z,R26
                 	.ENDM
                 
                 	.MACRO __PUTW2SX
                 	MOVW R30,R28
                 	SUBI R30,LOW(-@0)
                 	SBCI R31,HIGH(-@0)
                 	ST   Z+,R26
                 	ST   Z,R27
                 	.ENDM
                 
                 	.MACRO __PUTD2SX
                 	MOVW R30,R28
                 	SUBI R30,LOW(-@0)
                 	SBCI R31,HIGH(-@0)
                 	ST   Z+,R26
                 	ST   Z+,R27
                 	ST   Z+,R24
                 	ST   Z,R25
                 	.ENDM
                 
                 	.MACRO __PUTBSRX
                 	MOVW R30,R28
                 	SUBI R30,LOW(-@1)
                 	SBCI R31,HIGH(-@1)
                 	ST   Z,R@0
                 	.ENDM
                 
                 	.MACRO __PUTWSRX
                 	MOVW R30,R28
                 	SUBI R30,LOW(-@2)
                 	SBCI R31,HIGH(-@2)
                 	ST   Z+,R@0
                 	ST   Z,R@1
                 	.ENDM
                 
                 	.MACRO __PUTB1SNX
                 	MOVW R26,R28
                 	SUBI R26,LOW(-@0)
                 	SBCI R27,HIGH(-@0)
                 	LD   R0,X+
                 	LD   R27,X
                 	MOV  R26,R0
                 	SUBI R26,LOW(-@1)
                 	SBCI R27,HIGH(-@1)
                 	ST   X,R30
                 	.ENDM
                 
                 	.MACRO __PUTW1SNX
                 	MOVW R26,R28
                 	SUBI R26,LOW(-@0)
                 	SBCI R27,HIGH(-@0)
                 	LD   R0,X+
                 	LD   R27,X
                 	MOV  R26,R0
                 	SUBI R26,LOW(-@1)
                 	SBCI R27,HIGH(-@1)
                 	ST   X+,R30
                 	ST   X,R31
                 	.ENDM
                 
                 	.MACRO __PUTD1SNX
                 	MOVW R26,R28
                 	SUBI R26,LOW(-@0)
                 	SBCI R27,HIGH(-@0)
                 	LD   R0,X+
                 	LD   R27,X
                 	MOV  R26,R0
                 	SUBI R26,LOW(-@1)
                 	SBCI R27,HIGH(-@1)
                 	ST   X+,R30
                 	ST   X+,R31
                 	ST   X+,R22
                 	ST   X,R23
                 	.ENDM
                 
                 	.MACRO __MULBRR
                 	MULS R@0,R@1
                 	MOVW R30,R0
                 	.ENDM
                 
                 	.MACRO __MULBRRU
                 	MUL  R@0,R@1
                 	MOVW R30,R0
                 	.ENDM
                 
                 	.MACRO __MULBRR0
                 	MULS R@0,R@1
                 	.ENDM
                 
                 	.MACRO __MULBRRU0
                 	MUL  R@0,R@1
                 	.ENDM
                 
                 	.MACRO __MULBNWRU
                 	LDI  R26,@2
                 	MUL  R26,R@0
                 	MOVW R30,R0
                 	MUL  R26,R@1
                 	ADD  R31,R0
                 	.ENDM
                 
                 ;NAME DEFINITIONS FOR GLOBAL VARIABLES ALLOCATED TO REGISTERS
                 	.DEF _strenc=R4
                 	.DEF _menu=R7
                 	.DEF _name=R8
                 	.DEF _cnt=R10
                 	.DEF __lcd_x=R6
                 	.DEF __lcd_y=R13
                 	.DEF __lcd_maxx=R12
                 
                 	.CSEG
                 	.ORG 0x00
                 
                 ;START OF CODE MARKER
                 __START_OF_CODE:
                 
                 ;INTERRUPT VECTORS
000000 940c 0087 	JMP  __RESET
000002 940c 00b7 	JMP  _ext_int0_isr
000004 940c 0000 	JMP  0x00
000006 940c 0000 	JMP  0x00
000008 940c 0000 	JMP  0x00
00000a 940c 0000 	JMP  0x00
00000c 940c 0000 	JMP  0x00
00000e 940c 0000 	JMP  0x00
000010 940c 0000 	JMP  0x00
000012 940c 0000 	JMP  0x00
000014 940c 0000 	JMP  0x00
000016 940c 0000 	JMP  0x00
000018 940c 0000 	JMP  0x00
00001a 940c 0000 	JMP  0x00
00001c 940c 0000 	JMP  0x00
00001e 940c 0000 	JMP  0x00
000020 940c 0000 	JMP  0x00
000022 940c 0000 	JMP  0x00
000024 940c 0000 	JMP  0x00
000026 940c 0000 	JMP  0x00
000028 940c 0000 	JMP  0x00
                 
                 _0x26:
00002a 5801
E:\Projects\Lomba-lomba\LiFo - Vexillarius\V1\List\Vexillarius V1.asm(1097): warning: .cseg .db misalignment - padding zero byte
00002b 0000      	.DB  0x1,LOW(_0x0*2),HIGH(_0x0*2)
                 _0x0:
00002c 6556
00002d 6978
00002e 6c6c
00002f 7261      	.DB  0x56,0x65,0x78,0x69,0x6C,0x6C,0x61,0x72
000030 7569
000031 2073
000032 3156
000033 302e      	.DB  0x69,0x75,0x73,0x20,0x56,0x31,0x2E,0x30
000034 4d00
000035 6961
000036 206e
000037 654d      	.DB  0x0,0x4D,0x61,0x69,0x6E,0x20,0x4D,0x65
000038 756e
000039 3a20
00003a 3100
00003b 202e      	.DB  0x6E,0x75,0x20,0x3A,0x0,0x31,0x2E,0x20
00003c 6f46
00003d 6c6c
00003e 776f
00003f 4c20      	.DB  0x46,0x6F,0x6C,0x6C,0x6F,0x77,0x20,0x4C
000040 6e69
000041 0065
000042 2e32
000043 4620      	.DB  0x69,0x6E,0x65,0x0,0x32,0x2E,0x20,0x46
000044 6c6f
000045 6f6c
000046 2077
000047 6150      	.DB  0x6F,0x6C,0x6C,0x6F,0x77,0x20,0x50,0x61
000048 6874
000049 3300
00004a 202e
00004b 6843      	.DB  0x74,0x68,0x0,0x33,0x2E,0x20,0x43,0x68
00004c 6365
00004d 206b
00004e 7753
00004f 6e69      	.DB  0x65,0x63,0x6B,0x20,0x53,0x77,0x69,0x6E
000050 0067
000051 6f43
000052 716e
000053 6575      	.DB  0x67,0x0,0x43,0x6F,0x6E,0x71,0x75,0x65
000054 2072
000055 6527
000056 206d
000057 6c41      	.DB  0x72,0x20,0x27,0x65,0x6D,0x20,0x41,0x6C
000058 216c
000059 4100
00005a 696c
00005b 6e67      	.DB  0x6C,0x21,0x0,0x41,0x6C,0x69,0x67,0x6E
00005c 4d20
00005d 2165
00005e 5300
00005f 6574      	.DB  0x20,0x4D,0x65,0x21,0x0,0x53,0x74,0x65
000060 2070
000061 6e4f
000062 0065
000063 7453      	.DB  0x70,0x20,0x4F,0x6E,0x65,0x0,0x53,0x74
000064 7065
000065 5420
000066 6f77
000067 5300      	.DB  0x65,0x70,0x20,0x54,0x77,0x6F,0x0,0x53
000068 6574
000069 2070
00006a 6854
00006b 6572      	.DB  0x74,0x65,0x70,0x20,0x54,0x68,0x72,0x65
00006c 0065
00006d 7453
00006e 7065
00006f 4620      	.DB  0x65,0x0,0x53,0x74,0x65,0x70,0x20,0x46
000070 756f
000071 0072
000072 6946
000073 696e      	.DB  0x6F,0x75,0x72,0x0,0x46,0x69,0x6E,0x69
000074 6873
000075 0021      	.DB  0x73,0x68,0x21,0x0
                 _0x2000060:
E:\Projects\Lomba-lomba\LiFo - Vexillarius\V1\List\Vexillarius V1.asm(1119): warning: .cseg .db misalignment - padding zero byte
000076 0001      	.DB  0x1
                 _0x2000000:
000077 4e2d
000078 4e41
000079 4900
00007a 464e      	.DB  0x2D,0x4E,0x41,0x4E,0x0,0x49,0x4E,0x46
E:\Projects\Lomba-lomba\LiFo - Vexillarius\V1\List\Vexillarius V1.asm(1122): warning: .cseg .db misalignment - padding zero byte
00007b 0000      	.DB  0x0
                 _0x2040003:
00007c c080      	.DB  0x80,0xC0
                 
                 __GLOBAL_INI_TBL:
00007d 0003      	.DW  0x03
00007e 0007      	.DW  0x07
00007f 0054      	.DW  _0x26*2
                 
000080 0001      	.DW  0x01
000081 0264      	.DW  __seed_G100
000082 00ec      	.DW  _0x2000060*2
                 
000083 0002      	.DW  0x02
000084 0268      	.DW  __base_y_G102
000085 00f8      	.DW  _0x2040003*2
                 
                 _0xFFFFFFFF:
000086 0000      	.DW  0
                 
                 __RESET:
000087 94f8      	CLI
000088 27ee      	CLR  R30
000089 bbec      	OUT  EECR,R30
                 
                 ;INTERRUPT VECTORS ARE PLACED
                 ;AT THE START OF FLASH
00008a e0f1      	LDI  R31,1
00008b bffb      	OUT  GICR,R31
00008c bfeb      	OUT  GICR,R30
00008d bfe5      	OUT  MCUCR,R30
                 
                 ;DISABLE WATCHDOG
00008e e1f8      	LDI  R31,0x18
00008f bdf1      	OUT  WDTCR,R31
000090 bde1      	OUT  WDTCR,R30
                 
                 ;CLEAR R2-R14
000091 e08d      	LDI  R24,(14-2)+1
000092 e0a2      	LDI  R26,2
000093 27bb      	CLR  R27
                 __CLEAR_REG:
000094 93ed      	ST   X+,R30
000095 958a      	DEC  R24
000096 f7e9      	BRNE __CLEAR_REG
                 
                 ;CLEAR SRAM
000097 e080      	LDI  R24,LOW(__CLEAR_SRAM_SIZE)
000098 e098      	LDI  R25,HIGH(__CLEAR_SRAM_SIZE)
000099 e6a0      	LDI  R26,__SRAM_START
                 __CLEAR_SRAM:
00009a 93ed      	ST   X+,R30
00009b 9701      	SBIW R24,1
00009c f7e9      	BRNE __CLEAR_SRAM
                 
                 ;GLOBAL VARIABLES INITIALIZATION
00009d efea      	LDI  R30,LOW(__GLOBAL_INI_TBL*2)
00009e e0f0      	LDI  R31,HIGH(__GLOBAL_INI_TBL*2)
                 __GLOBAL_INI_NEXT:
00009f 9185      	LPM  R24,Z+
0000a0 9195      	LPM  R25,Z+
0000a1 9700      	SBIW R24,0
0000a2 f061      	BREQ __GLOBAL_INI_END
0000a3 91a5      	LPM  R26,Z+
0000a4 91b5      	LPM  R27,Z+
0000a5 9005      	LPM  R0,Z+
0000a6 9015      	LPM  R1,Z+
0000a7 01bf      	MOVW R22,R30
0000a8 01f0      	MOVW R30,R0
                 __GLOBAL_INI_LOOP:
0000a9 9005      	LPM  R0,Z+
0000aa 920d      	ST   X+,R0
0000ab 9701      	SBIW R24,1
0000ac f7e1      	BRNE __GLOBAL_INI_LOOP
0000ad 01fb      	MOVW R30,R22
0000ae cff0      	RJMP __GLOBAL_INI_NEXT
                 __GLOBAL_INI_END:
                 
                 ;HARDWARE STACK POINTER INITIALIZATION
0000af e5ef      	LDI  R30,LOW(__SRAM_END-__HEAP_SIZE)
0000b0 bfed      	OUT  SPL,R30
0000b1 e0e8      	LDI  R30,HIGH(__SRAM_END-__HEAP_SIZE)
0000b2 bfee      	OUT  SPH,R30
                 
                 ;DATA STACK POINTER INITIALIZATION
0000b3 e6c0      	LDI  R28,LOW(__SRAM_START+__DSTACK_SIZE)
0000b4 e0d2      	LDI  R29,HIGH(__SRAM_START+__DSTACK_SIZE)
                 
0000b5 940c 01a2 	JMP  _main
                 
                 	.ESEG
                 	.ORG 0
                 
                 	.DSEG
                 	.ORG 0x260
                 
                 	.CSEG
                 ;/*****************************************************
                 ;This program was produced by the
                 ;CodeWizardAVR V2.04.4a Advanced
                 ;Automatic Program Generator
                 ;© Copyright 1998-2009 Pavel Haiduc, HP InfoTech s.r.l.
                 ;http://www.hpinfotech.com
                 ;
                 ;Project :
                 ;Version :
                 ;Date    : 3/22/2012
                 ;Author  : NeVaDa
                 ;Company :
                 ;Comments:
                 ;
                 ;
                 ;Chip type               : ATmega32
                 ;Program type            : Application
                 ;AVR Core Clock frequency: 16.000000 MHz
                 ;Memory model            : Small
                 ;External RAM size       : 0
                 ;Data Stack size         : 512
                 ;
                 ;*****************************************************/
                 ;
                 ;/********************** Includes ********************/
                 ;
                 ;#include <stdlib.h>
                 ;#include <mega32.h>
                 	#ifndef __SLEEP_DEFINED__
                 	#define __SLEEP_DEFINED__
                 	.EQU __se_bit=0x80
                 	.EQU __sm_mask=0x70
                 	.EQU __sm_powerdown=0x20
                 	.EQU __sm_powersave=0x30
                 	.EQU __sm_standby=0x60
                 	.EQU __sm_ext_standby=0x70
                 	.EQU __sm_adc_noise_red=0x10
                 	.SET power_ctrl_reg=mcucr
                 	#endif
                 ;#include <delay.h>
                 ;#include <string.h>
                 ;#include <lcd.h>
                 ;
                 ;/********************** ASM Init ********************/
                 ;
                 ;#asm
                    .equ __lcd_port=0x15 ;PORTC
                 ; 0000 0025 #endasm
                 ;
                 ;/******************** Definitions *******************/
                 ;
                 ;// dibawah ini semuanya macro, sat
                 ;
                 ;#define SERVO OCR1B
                 ;#define SPEED OCR2
                 ;#define AXIA PIND.0
                 ;#define DIR1 PORTD.5
                 ;#define DIR2 PORTD.6
                 ;#define BTN1 PINB.0
                 ;#define BTN2 PINB.1
                 ;#define BTN3 PINB.2
                 ;#define EXECUTE PINB.3
                 ;
                 ;/********************* Variables ********************/
                 ;
                 ;long enc = 0;
                 ;char *strenc;
                 ;char menu = 1;
                 ;char flash *name = "Vexillarius V1.0";
                 ;unsigned int cnt;
                 ;
                 ;/********************* Interrupt ********************/
                 ;
                 ;interrupt [EXT_INT0] void ext_int0_isr(void)  //implementasi Encoder, belum dipakai
                 ; 0000 0040 {
                 
                 	.CSEG
                 _ext_int0_isr:
0000b7 936a      	ST   -Y,R22
0000b8 937a      	ST   -Y,R23
0000b9 93aa      	ST   -Y,R26
0000ba 93ba      	ST   -Y,R27
0000bb 93ea      	ST   -Y,R30
0000bc 93fa      	ST   -Y,R31
0000bd b7ef      	IN   R30,SREG
0000be 93ea      	ST   -Y,R30
                 ; 0000 0041   if (AXIA == 1)
0000bf 9b80      	SBIS 0x10,0
0000c0 c00d      	RJMP _0x3
                 ; 0000 0042   {
                 ; 0000 0043     enc++;
0000c1 e6a0      	LDI  R26,LOW(_enc)
0000c2 e0b2      	LDI  R27,HIGH(_enc)
0000c3 940e 049e 	CALL __GETD1P_INC
                +
0000c5 5fef     +SUBI R30 , LOW ( - 1 )
0000c6 4fff     +SBCI R31 , HIGH ( - 1 )
0000c7 4f6f     +SBCI R22 , BYTE3 ( - 1 )
0000c8 4f7f     +SBCI R23 , BYTE4 ( - 1 )
                 	__SUBD1N -1
0000c9 940e 04a3 	CALL __PUTDP1_DEC
0000cb 9731      	SBIW R30,1
0000cc 4060      	SBCI R22,0
0000cd 4070      	SBCI R23,0
                 ; 0000 0044   }
                 ; 0000 0045 
                 ; 0000 0046   if (AXIA == 0)
                 _0x3:
0000ce 9980      	SBIC 0x10,0
0000cf c00d      	RJMP _0x4
                 ; 0000 0047   {
                 ; 0000 0048     enc--;
0000d0 e6a0      	LDI  R26,LOW(_enc)
0000d1 e0b2      	LDI  R27,HIGH(_enc)
0000d2 940e 049e 	CALL __GETD1P_INC
0000d4 9731      	SBIW R30,1
0000d5 4060      	SBCI R22,0
0000d6 4070      	SBCI R23,0
0000d7 940e 04a3 	CALL __PUTDP1_DEC
                +
0000d9 5fef     +SUBI R30 , LOW ( - 1 )
0000da 4fff     +SBCI R31 , HIGH ( - 1 )
0000db 4f6f     +SBCI R22 , BYTE3 ( - 1 )
0000dc 4f7f     +SBCI R23 , BYTE4 ( - 1 )
                 	__SUBD1N -1
                 ; 0000 0049   }
                 ; 0000 004A }
                 _0x4:
0000dd 91e9      	LD   R30,Y+
0000de bfef      	OUT  SREG,R30
0000df 91f9      	LD   R31,Y+
0000e0 91e9      	LD   R30,Y+
0000e1 91b9      	LD   R27,Y+
0000e2 91a9      	LD   R26,Y+
0000e3 9179      	LD   R23,Y+
0000e4 9169      	LD   R22,Y+
0000e5 9518      	RETI
                 ;
                 ;/********************* Functions ********************/
                 ;
                 ;void write(char flash *string1, char flash *string2)  //untuk nulis ke LCD, kalo line 1 dan 2 dari flash (kode)
                 ; 0000 004F {
                 _write:
                 ; 0000 0050   lcd_clear();
                 ;	*string1 -> Y+2
                 ;	*string2 -> Y+0
0000e6 940e 0308 	CALL SUBOPT_0x0
                 ; 0000 0051   lcd_gotoxy(0,0);
                 ; 0000 0052   lcd_putsf(string1);
0000e8 940e 02b3 	CALL _lcd_putsf
                 ; 0000 0053   lcd_gotoxy(0,1);
0000ea c004      	RJMP _0x20A0005
                 ; 0000 0054   lcd_putsf(string2);
                 ; 0000 0055 }
                 ;
                 ;void write2(char *string1, char flash *string2)       //sama tapi line 1 dari variabel program
                 ; 0000 0058 {
                 _write2:
                 ; 0000 0059   lcd_clear();
                 ;	*string1 -> Y+2
                 ;	*string2 -> Y+0
0000eb 940e 0308 	CALL SUBOPT_0x0
                 ; 0000 005A   lcd_gotoxy(0,0);
                 ; 0000 005B   lcd_puts(string1);
0000ed 940e 02a6 	CALL _lcd_puts
                 ; 0000 005C   lcd_gotoxy(0,1);
                 _0x20A0005:
0000ef e0e0      	LDI  R30,LOW(0)
0000f0 93ea      	ST   -Y,R30
0000f1 e0e1      	LDI  R30,LOW(1)
0000f2 93ea      	ST   -Y,R30
0000f3 940e 0267 	CALL _lcd_gotoxy
                 ; 0000 005D   lcd_putsf(string2);
0000f5 81e8      	LD   R30,Y
0000f6 81f9      	LDD  R31,Y+1
0000f7 93fa      	ST   -Y,R31
0000f8 93ea      	ST   -Y,R30
0000f9 940e 02b3 	CALL _lcd_putsf
                 ; 0000 005E }
0000fb 9624      	ADIW R28,4
0000fc 9508      	RET
                 ;
                 ;void clear(int delay) //buat clear LCD setelah n milisekon
                 ; 0000 0061 {
                 _clear:
                 ; 0000 0062   delay_ms(delay);
                 ;	delay -> Y+0
0000fd 81e8      	LD   R30,Y
0000fe 81f9      	LDD  R31,Y+1
0000ff 940e 0314 	CALL SUBOPT_0x1
                 ; 0000 0063   lcd_clear();
000101 940e 0277 	CALL _lcd_clear
                 ; 0000 0064 }
000103 940c 0275 	JMP  _0x20A0003
                 ;
                 ;void degtopwm(unsigned int deg)  //untuk konversi derajat ke PWM servo
                 ; 0000 0067 {
                 _degtopwm:
                 ; 0000 0068   SERVO = ((((deg*100)/180)*10)+1000); //1000 => 0deg (kiri max); 2000 => 180deg (kanan max); 1500 => 90deg (center);
                 ;	deg -> Y+0
000105 81a8      	LD   R26,Y
000106 81b9      	LDD  R27,Y+1
000107 e6e4      	LDI  R30,LOW(100)
000108 940e 0485 	CALL __MULB1W2U
00010a 01df      	MOVW R26,R30
00010b ebe4      	LDI  R30,LOW(180)
00010c e0f0      	LDI  R31,HIGH(180)
00010d 940e 048b 	CALL __DIVW21U
00010f e0aa      	LDI  R26,LOW(10)
000110 e0b0      	LDI  R27,HIGH(10)
000111 940e 047d 	CALL __MULW12U
000113 51e8      	SUBI R30,LOW(-1000)
000114 4ffc      	SBCI R31,HIGH(-1000)
000115 bdf9      	OUT  0x28+1,R31
000116 bde8      	OUT  0x28,R30
                 ; 0000 0069 }
000117 940c 0275 	JMP  _0x20A0003
                 ;
                 ;void spdtopwm(unsigned char spd) //untuk kecepatan motor, n % , 0 <= n <= 100. jangan lebih karena bakal error (OF)
                 ; 0000 006C {
                 _spdtopwm:
                 ; 0000 006D   float spit;
                 ; 0000 006E   spit = ((spd/10.0 * 255)); //kalo nemu algoritma yg lebih bagus, ganti aja
000119 9724      	SBIW R28,4
                 ;	spd -> Y+4
                 ;	spit -> Y+0
00011a 81ec      	LDD  R30,Y+4
00011b 27ff      	CLR  R31
00011c 2766      	CLR  R22
00011d 2777      	CLR  R23
00011e 940e 03ae 	CALL __CDF1
000120 01df      	MOVW R26,R30
000121 01cb      	MOVW R24,R22
                +
000122 e0e0     +LDI R30 , LOW ( 0x41200000 )
000123 e0f0     +LDI R31 , HIGH ( 0x41200000 )
000124 e260     +LDI R22 , BYTE3 ( 0x41200000 )
000125 e471     +LDI R23 , BYTE4 ( 0x41200000 )
                 	__GETD1N 0x41200000
000126 940e 042a 	CALL __DIVF21
                +
000128 e0a0     +LDI R26 , LOW ( 0x437F0000 )
000129 e0b0     +LDI R27 , HIGH ( 0x437F0000 )
00012a e78f     +LDI R24 , BYTE3 ( 0x437F0000 )
00012b e493     +LDI R25 , BYTE4 ( 0x437F0000 )
                 	__GETD2N 0x437F0000
00012c 940e 03dc 	CALL __MULF12
00012e 940e 04a8 	CALL __PUTD1S0
                 ; 0000 006F   SPEED = (char) spit;
000130 940e 0375 	CALL __CFD1U
000132 bde3      	OUT  0x23,R30
                 ; 0000 0070 }
000133 9625      	ADIW R28,5
000134 9508      	RET
                 ;
                 ;void direction(unsigned char dir) //arah motor. 1 = maju, 2 = mundur, 3 = brake
                 ; 0000 0073 {
                 _direction:
                 ; 0000 0074   if (dir == 1)
                 ;	dir -> Y+0
000135 81a8      	LD   R26,Y
000136 30a1      	CPI  R26,LOW(0x1)
000137 f411      	BRNE _0x5
                 ; 0000 0075   {
                 ; 0000 0076     DIR1 = 1;
000138 9a95      	SBI  0x12,5
                 ; 0000 0077     DIR2 = 0;
000139 9896      	CBI  0x12,6
                 ; 0000 0078   }
                 ; 0000 0079 
                 ; 0000 007A   if (dir == 0)
                 _0x5:
00013a 81e8      	LD   R30,Y
00013b 30e0      	CPI  R30,0
00013c f411      	BRNE _0xA
                 ; 0000 007B   {
                 ; 0000 007C     DIR1 = 0;
00013d 9895      	CBI  0x12,5
                 ; 0000 007D     DIR2 = 1;
00013e 9a96      	SBI  0x12,6
                 ; 0000 007E   }
                 ; 0000 007F 
                 ; 0000 0080   if (dir == 2)
                 _0xA:
00013f 81a8      	LD   R26,Y
000140 30a2      	CPI  R26,LOW(0x2)
000141 f411      	BRNE _0xF
                 ; 0000 0081   {
                 ; 0000 0082     DIR1 = 1;
000142 9a95      	SBI  0x12,5
                 ; 0000 0083     DIR2 = 1;
000143 9a96      	SBI  0x12,6
                 ; 0000 0084   }
                 ; 0000 0085 
                 ; 0000 0086   //DIR1 = 0;
                 ; 0000 0087   //DIR2 = 0;
                 ; 0000 0088 }
                 _0xF:
000144 940c 0306 	JMP  _0x20A0001
                 ;
                 ;void step(unsigned int s, unsigned char m, unsigned char d,unsigned int t,char flash *l)
                 ; 0000 008B //buat bikin gerakan terprogram, masih prototipe
                 ; 0000 008C {
                 _step:
                 ; 0000 008D   for (cnt=0;cnt<t;cnt++)
                 ;	s -> Y+6
                 ;	m -> Y+5
                 ;	d -> Y+4
                 ;	t -> Y+2
                 ;	*l -> Y+0
000146 24aa      	CLR  R10
000147 24bb      	CLR  R11
                 _0x15:
000148 81ea      	LDD  R30,Y+2
000149 81fb      	LDD  R31,Y+2+1
00014a 16ae      	CP   R10,R30
00014b 06bf      	CPC  R11,R31
00014c f4d0      	BRSH _0x16
                 ; 0000 008E   {
                 ; 0000 008F     degtopwm(s);
00014d 81ee      	LDD  R30,Y+6
00014e 81ff      	LDD  R31,Y+6+1
00014f 93fa      	ST   -Y,R31
000150 93ea      	ST   -Y,R30
000151 dfb3      	RCALL _degtopwm
                 ; 0000 0090     spdtopwm(m);
000152 81ed      	LDD  R30,Y+5
000153 93ea      	ST   -Y,R30
000154 dfc4      	RCALL _spdtopwm
                 ; 0000 0091     direction(d);
000155 81ec      	LDD  R30,Y+4
000156 93ea      	ST   -Y,R30
000157 dfdd      	RCALL _direction
                 ; 0000 0092     //ltoa(enc,strenc);
                 ; 0000 0093     write2(strenc,l);
000158 925a      	ST   -Y,R5
000159 924a      	ST   -Y,R4
00015a 81ea      	LDD  R30,Y+2
00015b 81fb      	LDD  R31,Y+2+1
00015c 93fa      	ST   -Y,R31
00015d 93ea      	ST   -Y,R30
00015e df8c      	RCALL _write2
                 ; 0000 0094     delay_ms(1);
00015f e0e1      	LDI  R30,LOW(1)
000160 e0f0      	LDI  R31,HIGH(1)
000161 940e 0314 	CALL SUBOPT_0x1
                 ; 0000 0095   }
000163 01f5      	MOVW R30,R10
000164 9631      	ADIW R30,1
000165 015f      	MOVW R10,R30
000166 cfe1      	RJMP _0x15
                 _0x16:
                 ; 0000 0096 }
000167 9628      	ADIW R28,8
000168 9508      	RET
                 ;
                 ;void checkbutton(void) //fungsi pushbutton, ga dipake karena kita cuma punya 2 tombol instead of 4
                 ; 0000 0099 {
                 _checkbutton:
                 ; 0000 009A   if (BTN1 == 0)
000169 99b0      	SBIC 0x16,0
00016a c002      	RJMP _0x17
                 ; 0000 009B   {
                 ; 0000 009C     menu = 1;
00016b e0e1      	LDI  R30,LOW(1)
00016c 2e7e      	MOV  R7,R30
                 ; 0000 009D   }
                 ; 0000 009E 
                 ; 0000 009F   if (BTN2 == 0)
                 _0x17:
00016d 99b1      	SBIC 0x16,1
00016e c002      	RJMP _0x18
                 ; 0000 00A0   {
                 ; 0000 00A1     menu = 2;
00016f e0e2      	LDI  R30,LOW(2)
000170 2e7e      	MOV  R7,R30
                 ; 0000 00A2   }
                 ; 0000 00A3 
                 ; 0000 00A4   if (BTN3 == 0)
                 _0x18:
000171 99b2      	SBIC 0x16,2
000172 c002      	RJMP _0x19
                 ; 0000 00A5   {
                 ; 0000 00A6     menu = 3;
000173 e0e3      	LDI  R30,LOW(3)
000174 2e7e      	MOV  R7,R30
                 ; 0000 00A7   }
                 ; 0000 00A8   delay_ms(10);
                 _0x19:
000175 c01b      	RJMP _0x20A0004
                 ; 0000 00A9 }
                 ;
                 ;void showmenu(void) //fungsi menu
                 ; 0000 00AC {
                 _showmenu:
                 ; 0000 00AD   if (menu == 1)
000176 e0e1      	LDI  R30,LOW(1)
000177 15e7      	CP   R30,R7
000178 f431      	BRNE _0x1A
                 ; 0000 00AE   {
                 ; 0000 00AF     write("Main Menu :","1. Follow Line");
000179 940e 0318 	CALL SUBOPT_0x2
                +
00017b e7e5     +LDI R30 , LOW ( 2 * _0x0 + ( 29 ) )
00017c e0f0     +LDI R31 , HIGH ( 2 * _0x0 + ( 29 ) )
                 	__POINTW1FN _0x0,29
00017d 940e 031d 	CALL SUBOPT_0x3
                 ; 0000 00B0   }
                 ; 0000 00B1 
                 ; 0000 00B2   if (menu == 2)
                 _0x1A:
00017f e0e2      	LDI  R30,LOW(2)
000180 15e7      	CP   R30,R7
000181 f431      	BRNE _0x1B
                 ; 0000 00B3   {
                 ; 0000 00B4     write("Main Menu :","2. Follow Path");
000182 940e 0318 	CALL SUBOPT_0x2
                +
000184 e8e4     +LDI R30 , LOW ( 2 * _0x0 + ( 44 ) )
000185 e0f0     +LDI R31 , HIGH ( 2 * _0x0 + ( 44 ) )
                 	__POINTW1FN _0x0,44
000186 940e 031d 	CALL SUBOPT_0x3
                 ; 0000 00B5   }
                 ; 0000 00B6 
                 ; 0000 00B7   if (menu == 3)
                 _0x1B:
000188 e0e3      	LDI  R30,LOW(3)
000189 15e7      	CP   R30,R7
00018a f431      	BRNE _0x1C
                 ; 0000 00B8   {
                 ; 0000 00B9     write("Main Menu :","3. Check Swing");
00018b 940e 0318 	CALL SUBOPT_0x2
                +
00018d e9e3     +LDI R30 , LOW ( 2 * _0x0 + ( 59 ) )
00018e e0f0     +LDI R31 , HIGH ( 2 * _0x0 + ( 59 ) )
                 	__POINTW1FN _0x0,59
00018f 940e 031d 	CALL SUBOPT_0x3
                 ; 0000 00BA   }
                 ; 0000 00BB 
                 ; 0000 00BC   delay_ms(10);
                 _0x1C:
                 _0x20A0004:
000191 e0ea      	LDI  R30,LOW(10)
000192 e0f0      	LDI  R31,HIGH(10)
000193 940e 0314 	CALL SUBOPT_0x1
                 ; 0000 00BD }
000195 9508      	RET
                 ;
                 ;void splash(void) //splash screen awal
                 ; 0000 00C0 {
                 _splash:
                 ; 0000 00C1   write(name,"Conquer 'em All!");
000196 929a      	ST   -Y,R9
000197 928a      	ST   -Y,R8
                +
000198 eae2     +LDI R30 , LOW ( 2 * _0x0 + ( 74 ) )
000199 e0f0     +LDI R31 , HIGH ( 2 * _0x0 + ( 74 ) )
                 	__POINTW1FN _0x0,74
00019a 940e 031d 	CALL SUBOPT_0x3
                 ; 0000 00C2   clear(500);
00019c efe4      	LDI  R30,LOW(500)
00019d e0f1      	LDI  R31,HIGH(500)
00019e 93fa      	ST   -Y,R31
00019f 93ea      	ST   -Y,R30
0001a0 df5c      	RCALL _clear
                 ; 0000 00C3 }
0001a1 9508      	RET
                 ;
                 ;/******************** Main Block ********************/
                 ;
                 ;void main(void)
                 ; 0000 00C8 {
                 _main:
                 ; 0000 00C9 // Declare your local variables here
                 ; 0000 00CA 
                 ; 0000 00CB // Input/Output Ports initialization
                 ; 0000 00CC // Port A initialization
                 ; 0000 00CD // Func7=In Func6=In Func5=In Func4=In Func3=In Func2=In Func1=In Func0=In
                 ; 0000 00CE // State7=T State6=T State5=T State4=T State3=T State2=T State1=T State0=T
                 ; 0000 00CF PORTA=0x00;
0001a2 e0e0      	LDI  R30,LOW(0)
0001a3 bbeb      	OUT  0x1B,R30
                 ; 0000 00D0 DDRA=0x00;
0001a4 bbea      	OUT  0x1A,R30
                 ; 0000 00D1 
                 ; 0000 00D2 // Port B initialization
                 ; 0000 00D3 // Func7=In Func6=In Func5=In Func4=In Func3=In Func2=In Func1=In Func0=In
                 ; 0000 00D4 // State7=T State6=T State5=T State4=T State3=P State2=P State1=P State0=P
                 ; 0000 00D5 PORTB=0x0F;
0001a5 e0ef      	LDI  R30,LOW(15)
0001a6 bbe8      	OUT  0x18,R30
                 ; 0000 00D6 DDRB=0x00;
0001a7 e0e0      	LDI  R30,LOW(0)
0001a8 bbe7      	OUT  0x17,R30
                 ; 0000 00D7 
                 ; 0000 00D8 // Port C initialization
                 ; 0000 00D9 // Func7=In Func6=In Func5=In Func4=In Func3=In Func2=In Func1=In Func0=In
                 ; 0000 00DA // State7=T State6=T State5=T State4=T State3=T State2=T State1=T State0=T
                 ; 0000 00DB PORTC=0x00;
0001a9 bbe5      	OUT  0x15,R30
                 ; 0000 00DC DDRC=0x00;
0001aa bbe4      	OUT  0x14,R30
                 ; 0000 00DD 
                 ; 0000 00DE // Port D initialization
                 ; 0000 00DF // Func7=Out Func6=In Func5=In Func4=Out Func3=In Func2=In Func1=In Func0=In
                 ; 0000 00E0 // State7=0 State6=T State5=T State4=0 State3=T State2=T State1=T State0=T
                 ; 0000 00E1 PORTD=0x00;
0001ab bbe2      	OUT  0x12,R30
                 ; 0000 00E2 DDRD=0xFF;
0001ac efef      	LDI  R30,LOW(255)
0001ad bbe1      	OUT  0x11,R30
                 ; 0000 00E3 
                 ; 0000 00E4 // Timer/Counter 0 initialization
                 ; 0000 00E5 // Clock source: System Clock
                 ; 0000 00E6 // Clock value: Timer 0 Stopped
                 ; 0000 00E7 // Mode: Normal top=FFh
                 ; 0000 00E8 // OC0 output: Disconnected
                 ; 0000 00E9 TCCR0=0x00;
0001ae e0e0      	LDI  R30,LOW(0)
0001af bfe3      	OUT  0x33,R30
                 ; 0000 00EA TCNT0=0x00;
0001b0 bfe2      	OUT  0x32,R30
                 ; 0000 00EB OCR0=0x00;
0001b1 bfec      	OUT  0x3C,R30
                 ; 0000 00EC 
                 ; 0000 00ED // Timer/Counter 1 initialization
                 ; 0000 00EE // Clock source: System Clock
                 ; 0000 00EF // Clock value: 2000.000 kHz
                 ; 0000 00F0 // Mode: Ph. correct PWM top=ICR1
                 ; 0000 00F1 // OC1A output: Discon.
                 ; 0000 00F2 // OC1B output: Non-Inv.
                 ; 0000 00F3 // Noise Canceler: Off
                 ; 0000 00F4 // Input Capture on Falling Edge
                 ; 0000 00F5 // Timer1 Overflow Interrupt: Off
                 ; 0000 00F6 // Input Capture Interrupt: Off
                 ; 0000 00F7 // Compare A Match Interrupt: Off
                 ; 0000 00F8 // Compare B Match Interrupt: Off
                 ; 0000 00F9 TCCR1A=0x22;
0001b2 e2e2      	LDI  R30,LOW(34)
0001b3 bdef      	OUT  0x2F,R30
                 ; 0000 00FA TCCR1B=0x12;
0001b4 e1e2      	LDI  R30,LOW(18)
0001b5 bdee      	OUT  0x2E,R30
                 ; 0000 00FB TCNT1H=0x00;
0001b6 e0e0      	LDI  R30,LOW(0)
0001b7 bded      	OUT  0x2D,R30
                 ; 0000 00FC TCNT1L=0x00;
0001b8 bdec      	OUT  0x2C,R30
                 ; 0000 00FD ICR1H=027;
0001b9 e1e7      	LDI  R30,LOW(23)
0001ba bde7      	OUT  0x27,R30
                 ; 0000 00FE ICR1L=0x10;
0001bb e1e0      	LDI  R30,LOW(16)
0001bc bde6      	OUT  0x26,R30
                 ; 0000 00FF OCR1AH=0x00;
0001bd e0e0      	LDI  R30,LOW(0)
0001be bdeb      	OUT  0x2B,R30
                 ; 0000 0100 OCR1AL=0x00;
0001bf bdea      	OUT  0x2A,R30
                 ; 0000 0101 OCR1BH=0x00;
0001c0 bde9      	OUT  0x29,R30
                 ; 0000 0102 OCR1BL=0x00;
0001c1 bde8      	OUT  0x28,R30
                 ; 0000 0103 
                 ; 0000 0104 // Timer/Counter 2 initialization
                 ; 0000 0105 // Clock source: System Clock
                 ; 0000 0106 // Clock value: 15.625 kHz
                 ; 0000 0107 // Mode: Phase correct PWM top=FFh
                 ; 0000 0108 // OC2 output: Non-Inverted PWM
                 ; 0000 0109 ASSR=0x00;
0001c2 bde2      	OUT  0x22,R30
                 ; 0000 010A TCCR2=0x67;
0001c3 e6e7      	LDI  R30,LOW(103)
0001c4 bde5      	OUT  0x25,R30
                 ; 0000 010B TCNT2=0x00;
0001c5 e0e0      	LDI  R30,LOW(0)
0001c6 bde4      	OUT  0x24,R30
                 ; 0000 010C OCR2=0x00;
0001c7 bde3      	OUT  0x23,R30
                 ; 0000 010D 
                 ; 0000 010E // External Interrupt(s) initialization
                 ; 0000 010F // INT0: On
                 ; 0000 0110 // INT0 Mode: Falling Edge
                 ; 0000 0111 // INT1: Off
                 ; 0000 0112 // INT2: Off
                 ; 0000 0113 GICR|=0x40;
0001c8 b7eb      	IN   R30,0x3B
0001c9 64e0      	ORI  R30,0x40
0001ca bfeb      	OUT  0x3B,R30
                 ; 0000 0114 MCUCR=0x02;
0001cb e0e2      	LDI  R30,LOW(2)
0001cc bfe5      	OUT  0x35,R30
                 ; 0000 0115 MCUCSR=0x00;
0001cd e0e0      	LDI  R30,LOW(0)
0001ce bfe4      	OUT  0x34,R30
                 ; 0000 0116 GIFR=0x40;
0001cf e4e0      	LDI  R30,LOW(64)
0001d0 bfea      	OUT  0x3A,R30
                 ; 0000 0117 
                 ; 0000 0118 // Timer(s)/Counter(s) Interrupt(s) initialization
                 ; 0000 0119 TIMSK=0x00;
0001d1 e0e0      	LDI  R30,LOW(0)
0001d2 bfe9      	OUT  0x39,R30
                 ; 0000 011A 
                 ; 0000 011B // Analog Comparator initialization
                 ; 0000 011C // Analog Comparator: Off
                 ; 0000 011D // Analog Comparator Input Capture by Timer/Counter 1: Off
                 ; 0000 011E ACSR=0x80;
0001d3 e8e0      	LDI  R30,LOW(128)
0001d4 b9e8      	OUT  0x8,R30
                 ; 0000 011F SFIOR=0x00;
0001d5 e0e0      	LDI  R30,LOW(0)
0001d6 bfe0      	OUT  0x30,R30
                 ; 0000 0120 
                 ; 0000 0121 // LCD module initialization
                 ; 0000 0122 lcd_init(16);
0001d7 e1e0      	LDI  R30,LOW(16)
0001d8 93ea      	ST   -Y,R30
0001d9 940e 02d4 	CALL _lcd_init
                 ; 0000 0123 
                 ; 0000 0124 // Global enable interrupts
                 ; 0000 0125 #asm("cli")
0001db 94f8      	cli
                 ; 0000 0126 
                 ; 0000 0127 splash();
0001dc dfb9      	RCALL _splash
                 ; 0000 0128 
                 ; 0000 0129 while (1)
                 _0x1D:
                 ; 0000 012A       {
                 ; 0000 012B         checkbutton();
0001dd df8b      	RCALL _checkbutton
                 ; 0000 012C         showmenu();
0001de df97      	RCALL _showmenu
                 ; 0000 012D         while (EXECUTE == 0 && menu == 2)
                 _0x20:
0001df e0a0      	LDI  R26,0
0001e0 99b3      	SBIC 0x16,3
0001e1 e0a1      	LDI  R26,1
0001e2 30a0      	CPI  R26,LOW(0x0)
0001e3 f419      	BRNE _0x23
0001e4 e0e2      	LDI  R30,LOW(2)
0001e5 15e7      	CP   R30,R7
0001e6 f009      	BREQ _0x24
                 _0x23:
0001e7 c03e      	RJMP _0x22
                 _0x24:
                 ; 0000 012E         {
                 ; 0000 012F         step(90,0,2,200,"Align Me!");
0001e8 e5ea      	LDI  R30,LOW(90)
0001e9 e0f0      	LDI  R31,HIGH(90)
0001ea 93fa      	ST   -Y,R31
0001eb 93ea      	ST   -Y,R30
0001ec e0e0      	LDI  R30,LOW(0)
0001ed 93ea      	ST   -Y,R30
0001ee e0e2      	LDI  R30,LOW(2)
0001ef 940e 0321 	CALL SUBOPT_0x4
                +
0001f1 ebe3     +LDI R30 , LOW ( 2 * _0x0 + ( 91 ) )
0001f2 e0f0     +LDI R31 , HIGH ( 2 * _0x0 + ( 91 ) )
                 	__POINTW1FN _0x0,91
0001f3 940e 0327 	CALL SUBOPT_0x5
                 ; 0000 0130         step(45,50,1,200,"Step One");
0001f5 e2ed      	LDI  R30,LOW(45)
0001f6 e0f0      	LDI  R31,HIGH(45)
0001f7 940e 032b 	CALL SUBOPT_0x6
                +
0001f9 ebed     +LDI R30 , LOW ( 2 * _0x0 + ( 101 ) )
0001fa e0f0     +LDI R31 , HIGH ( 2 * _0x0 + ( 101 ) )
                 	__POINTW1FN _0x0,101
0001fb 940e 0327 	CALL SUBOPT_0x5
                 ; 0000 0131         step(180,50,1,200,"Step Two");
0001fd ebe4      	LDI  R30,LOW(180)
0001fe e0f0      	LDI  R31,HIGH(180)
0001ff 940e 032b 	CALL SUBOPT_0x6
                +
000201 ece6     +LDI R30 , LOW ( 2 * _0x0 + ( 110 ) )
000202 e0f0     +LDI R31 , HIGH ( 2 * _0x0 + ( 110 ) )
                 	__POINTW1FN _0x0,110
000203 940e 0327 	CALL SUBOPT_0x5
                 ; 0000 0132         step(0,50,1,200,"Step Three");
000205 e0e0      	LDI  R30,LOW(0)
000206 e0f0      	LDI  R31,HIGH(0)
000207 940e 032b 	CALL SUBOPT_0x6
                +
000209 ecef     +LDI R30 , LOW ( 2 * _0x0 + ( 119 ) )
00020a e0f0     +LDI R31 , HIGH ( 2 * _0x0 + ( 119 ) )
                 	__POINTW1FN _0x0,119
00020b 940e 0327 	CALL SUBOPT_0x5
                 ; 0000 0133         step(135,50,1,200,"Step Four");
00020d e8e7      	LDI  R30,LOW(135)
00020e e0f0      	LDI  R31,HIGH(135)
00020f 940e 032b 	CALL SUBOPT_0x6
                +
000211 edea     +LDI R30 , LOW ( 2 * _0x0 + ( 130 ) )
000212 e0f0     +LDI R31 , HIGH ( 2 * _0x0 + ( 130 ) )
                 	__POINTW1FN _0x0,130
000213 940e 0327 	CALL SUBOPT_0x5
                 ; 0000 0134         step(90,100,2,1000,"Finish!");
000215 e5ea      	LDI  R30,LOW(90)
000216 e0f0      	LDI  R31,HIGH(90)
000217 93fa      	ST   -Y,R31
000218 93ea      	ST   -Y,R30
000219 e6e4      	LDI  R30,LOW(100)
00021a 93ea      	ST   -Y,R30
00021b e0e2      	LDI  R30,LOW(2)
00021c 93ea      	ST   -Y,R30
00021d eee8      	LDI  R30,LOW(1000)
00021e e0f3      	LDI  R31,HIGH(1000)
00021f 93fa      	ST   -Y,R31
000220 93ea      	ST   -Y,R30
                +
000221 eee4     +LDI R30 , LOW ( 2 * _0x0 + ( 140 ) )
000222 e0f0     +LDI R31 , HIGH ( 2 * _0x0 + ( 140 ) )
                 	__POINTW1FN _0x0,140
000223 940e 0327 	CALL SUBOPT_0x5
                 ; 0000 0135         }
000225 cfb9      	RJMP _0x20
                 _0x22:
                 ; 0000 0136       }
000226 cfb6      	RJMP _0x1D
                 ; 0000 0137 }
                 _0x25:
000227 cfff      	RJMP _0x25
                 ;
                 ;//P.S coba2 dulu aja sat masing2 fungsi gimana kerjanya, kalo ga paham tanyain aja
                 ;//    servo mungkin masih kacau itungannya/simulasiny, ntar coba gw benerin
                 ;//    buat line following belom ada kodenya hehehe
                 
                 	.CSEG
                 
                 	.DSEG
                 
                 	.CSEG
                 
                 	.CSEG
                     .equ __lcd_direction=__lcd_port-1
                     .equ __lcd_pin=__lcd_port-2
                     .equ __lcd_rs=0
                     .equ __lcd_rd=1
                     .equ __lcd_enable=2
                     .equ __lcd_busy_flag=7
                 
                 	.DSEG
                 
                 	.CSEG
                 __lcd_delay_G102:
000228 e0ff          ldi   r31,15
                 __lcd_delay0:
000229 95fa          dec   r31
00022a f7f1          brne  __lcd_delay0
00022b 9508      	RET
                 __lcd_ready:
00022c b3a4          in    r26,__lcd_direction
00022d 70af          andi  r26,0xf                 ;set as input
00022e bba4          out   __lcd_direction,r26
00022f 9aa9          sbi   __lcd_port,__lcd_rd     ;RD=1
000230 98a8          cbi   __lcd_port,__lcd_rs     ;RS=0
                 __lcd_busy:
000231 dff6      	RCALL __lcd_delay_G102
000232 9aaa          sbi   __lcd_port,__lcd_enable ;EN=1
000233 dff4      	RCALL __lcd_delay_G102
000234 b3a3          in    r26,__lcd_pin
000235 98aa          cbi   __lcd_port,__lcd_enable ;EN=0
000236 dff1      	RCALL __lcd_delay_G102
000237 9aaa          sbi   __lcd_port,__lcd_enable ;EN=1
000238 dfef      	RCALL __lcd_delay_G102
000239 98aa          cbi   __lcd_port,__lcd_enable ;EN=0
00023a fda7          sbrc  r26,__lcd_busy_flag
00023b cff5          rjmp  __lcd_busy
00023c 9508      	RET
                 __lcd_write_nibble_G102:
00023d 7fa0          andi  r26,0xf0
00023e 2bab          or    r26,r27
00023f bba5          out   __lcd_port,r26          ;write
000240 9aaa          sbi   __lcd_port,__lcd_enable ;EN=1
000241 940e 0228 	CALL __lcd_delay_G102
000243 98aa          cbi   __lcd_port,__lcd_enable ;EN=0
000244 940e 0228 	CALL __lcd_delay_G102
000246 9508      	RET
                 __lcd_write_data:
000247 98a9          cbi  __lcd_port,__lcd_rd 	  ;RD=0
000248 b3a4          in    r26,__lcd_direction
000249 6fa7          ori   r26,0xf0 | (1<<__lcd_rs) | (1<<__lcd_rd) | (1<<__lcd_enable) ;set as output
00024a bba4          out   __lcd_direction,r26
00024b b3b5          in    r27,__lcd_port
00024c 70bf          andi  r27,0xf
00024d 81a8          ld    r26,y
00024e dfee      	RCALL __lcd_write_nibble_G102
00024f 81a8          ld    r26,y
000250 95a2          swap  r26
000251 dfeb      	RCALL __lcd_write_nibble_G102
000252 9aa9          sbi   __lcd_port,__lcd_rd     ;RD=1
000253 940c 0306 	JMP  _0x20A0001
                 __lcd_read_nibble_G102:
000255 9aaa          sbi   __lcd_port,__lcd_enable ;EN=1
000256 940e 0228 	CALL __lcd_delay_G102
000258 b3e3          in    r30,__lcd_pin           ;read
000259 98aa          cbi   __lcd_port,__lcd_enable ;EN=0
00025a 940e 0228 	CALL __lcd_delay_G102
00025c 7fe0          andi  r30,0xf0
00025d 9508      	RET
                 _lcd_read_byte0_G102:
00025e 940e 0228 	CALL __lcd_delay_G102
000260 dff4      	RCALL __lcd_read_nibble_G102
000261 2fae          mov   r26,r30
000262 dff2      	RCALL __lcd_read_nibble_G102
000263 98a9          cbi   __lcd_port,__lcd_rd     ;RD=0
000264 95e2          swap  r30
000265 2bea          or    r30,r26
000266 9508      	RET
                 _lcd_gotoxy:
000267 940e 022c 	CALL __lcd_ready
000269 81e8      	LD   R30,Y
00026a e0f0      	LDI  R31,0
00026b 59e8      	SUBI R30,LOW(-__base_y_G102)
00026c 4ffd      	SBCI R31,HIGH(-__base_y_G102)
00026d 81e0      	LD   R30,Z
00026e 81a9      	LDD  R26,Y+1
00026f 0fea      	ADD  R30,R26
000270 93ea      	ST   -Y,R30
000271 940e 0247 	CALL __lcd_write_data
000273 8069      	LDD  R6,Y+1
000274 80d8      	LDD  R13,Y+0
                 _0x20A0003:
000275 9622      	ADIW R28,2
000276 9508      	RET
                 _lcd_clear:
000277 940e 022c 	CALL __lcd_ready
000279 e0e2      	LDI  R30,LOW(2)
00027a 93ea      	ST   -Y,R30
00027b 940e 0247 	CALL __lcd_write_data
00027d 940e 022c 	CALL __lcd_ready
00027f e0ec      	LDI  R30,LOW(12)
000280 93ea      	ST   -Y,R30
000281 940e 0247 	CALL __lcd_write_data
000283 940e 022c 	CALL __lcd_ready
000285 e0e1      	LDI  R30,LOW(1)
000286 93ea      	ST   -Y,R30
000287 940e 0247 	CALL __lcd_write_data
000289 e0e0      	LDI  R30,LOW(0)
00028a 2ede      	MOV  R13,R30
00028b 2e6e      	MOV  R6,R30
00028c 9508      	RET
                 _lcd_putchar:
00028d 93ef          push r30
00028e 93ff          push r31
00028f 81a8          ld   r26,y
000290 9468          set
000291 30aa          cpi  r26,10
000292 f019          breq __lcd_putchar1
000293 94e8          clt
000294 146c      	CP   R6,R12
000295 f030      	BRLO _0x2040004
                 	__lcd_putchar1:
000296 94d3      	INC  R13
000297 e0e0      	LDI  R30,LOW(0)
000298 93ea      	ST   -Y,R30
000299 92da      	ST   -Y,R13
00029a dfcc      	RCALL _lcd_gotoxy
00029b f036      	brts __lcd_putchar0
                 _0x2040004:
00029c 9463      	INC  R6
00029d df8e          rcall __lcd_ready
00029e 9aa8          sbi  __lcd_port,__lcd_rs ;RS=1
00029f 81a8          ld   r26,y
0002a0 93aa          st   -y,r26
0002a1 dfa5          rcall __lcd_write_data
                 __lcd_putchar0:
0002a2 91ff          pop  r31
0002a3 91ef          pop  r30
0002a4 940c 0306 	JMP  _0x20A0001
                 _lcd_puts:
0002a6 931a      	ST   -Y,R17
                 _0x2040005:
0002a7 81a9      	LDD  R26,Y+1
0002a8 81ba      	LDD  R27,Y+1+1
0002a9 91ed      	LD   R30,X+
0002aa 83a9      	STD  Y+1,R26
0002ab 83ba      	STD  Y+1+1,R27
0002ac 2f1e      	MOV  R17,R30
0002ad 30e0      	CPI  R30,0
0002ae f019      	BREQ _0x2040007
0002af 931a      	ST   -Y,R17
0002b0 dfdc      	RCALL _lcd_putchar
0002b1 cff5      	RJMP _0x2040005
                 _0x2040007:
0002b2 c00e      	RJMP _0x20A0002
                 _lcd_putsf:
0002b3 931a      	ST   -Y,R17
                 _0x2040008:
0002b4 81e9      	LDD  R30,Y+1
0002b5 81fa      	LDD  R31,Y+1+1
0002b6 9631      	ADIW R30,1
0002b7 83e9      	STD  Y+1,R30
0002b8 83fa      	STD  Y+1+1,R31
0002b9 9731      	SBIW R30,1
0002ba 91e4      	LPM  R30,Z
0002bb 2f1e      	MOV  R17,R30
0002bc 30e0      	CPI  R30,0
0002bd f019      	BREQ _0x204000A
0002be 931a      	ST   -Y,R17
0002bf dfcd      	RCALL _lcd_putchar
0002c0 cff3      	RJMP _0x2040008
                 _0x204000A:
                 _0x20A0002:
0002c1 8118      	LDD  R17,Y+0
0002c2 9623      	ADIW R28,3
0002c3 9508      	RET
                 __long_delay_G102:
0002c4 27aa          clr   r26
0002c5 27bb          clr   r27
                 __long_delay0:
0002c6 9711          sbiw  r26,1         ;2 cycles
0002c7 f7f1          brne  __long_delay0 ;2 cycles
0002c8 9508      	RET
                 __lcd_init_write_G102:
0002c9 98a9          cbi  __lcd_port,__lcd_rd 	  ;RD=0
0002ca b3a4          in    r26,__lcd_direction
0002cb 6fa7          ori   r26,0xf7                ;set as output
0002cc bba4          out   __lcd_direction,r26
0002cd b3b5          in    r27,__lcd_port
0002ce 70bf          andi  r27,0xf
0002cf 81a8          ld    r26,y
0002d0 940e 023d 	CALL __lcd_write_nibble_G102
0002d2 9aa9          sbi   __lcd_port,__lcd_rd     ;RD=1
0002d3 c032      	RJMP _0x20A0001
                 _lcd_init:
0002d4 98aa          cbi   __lcd_port,__lcd_enable ;EN=0
0002d5 98a8          cbi   __lcd_port,__lcd_rs     ;RS=0
0002d6 80c8      	LDD  R12,Y+0
0002d7 81e8      	LD   R30,Y
0002d8 58e0      	SUBI R30,-LOW(128)
                +
0002d9 93e0 026a+STS __base_y_G102 + ( 2 ) , R30
                 	__PUTB1MN __base_y_G102,2
0002db 81e8      	LD   R30,Y
0002dc 54e0      	SUBI R30,-LOW(192)
                +
0002dd 93e0 026b+STS __base_y_G102 + ( 3 ) , R30
                 	__PUTB1MN __base_y_G102,3
0002df 940e 0331 	CALL SUBOPT_0x7
0002e1 940e 0331 	CALL SUBOPT_0x7
0002e3 940e 0331 	CALL SUBOPT_0x7
0002e5 dfde      	RCALL __long_delay_G102
0002e6 e2e0      	LDI  R30,LOW(32)
0002e7 93ea      	ST   -Y,R30
0002e8 dfe0      	RCALL __lcd_init_write_G102
0002e9 dfda      	RCALL __long_delay_G102
0002ea e2e8      	LDI  R30,LOW(40)
0002eb 940e 0337 	CALL SUBOPT_0x8
0002ed e0e4      	LDI  R30,LOW(4)
0002ee 940e 0337 	CALL SUBOPT_0x8
0002f0 e8e5      	LDI  R30,LOW(133)
0002f1 940e 0337 	CALL SUBOPT_0x8
0002f3 b3a4          in    r26,__lcd_direction
0002f4 70af          andi  r26,0xf                 ;set as input
0002f5 bba4          out   __lcd_direction,r26
0002f6 9aa9          sbi   __lcd_port,__lcd_rd     ;RD=1
0002f7 940e 025e 	CALL _lcd_read_byte0_G102
0002f9 30e5      	CPI  R30,LOW(0x5)
0002fa f011      	BREQ _0x204000B
0002fb e0e0      	LDI  R30,LOW(0)
0002fc c009      	RJMP _0x20A0001
                 _0x204000B:
0002fd 940e 022c 	CALL __lcd_ready
0002ff e0e6      	LDI  R30,LOW(6)
000300 93ea      	ST   -Y,R30
000301 940e 0247 	CALL __lcd_write_data
000303 940e 0277 	CALL _lcd_clear
000305 e0e1      	LDI  R30,LOW(1)
                 _0x20A0001:
000306 9621      	ADIW R28,1
000307 9508      	RET
                 
                 	.CSEG
                 
                 	.CSEG
                 
                 	.DSEG
                 _enc:
000260           	.BYTE 0x4
                 __seed_G100:
000264           	.BYTE 0x4
                 __base_y_G102:
000268           	.BYTE 0x4
                 
                 	.CSEG
                 ;OPTIMIZER ADDED SUBROUTINE, CALLED 2 TIMES, CODE SIZE REDUCTION:7 WORDS
                 SUBOPT_0x0:
000308 940e 0277 	CALL _lcd_clear
00030a e0e0      	LDI  R30,LOW(0)
00030b 93ea      	ST   -Y,R30
00030c 93ea      	ST   -Y,R30
00030d 940e 0267 	CALL _lcd_gotoxy
00030f 81ea      	LDD  R30,Y+2
000310 81fb      	LDD  R31,Y+2+1
000311 93fa      	ST   -Y,R31
000312 93ea      	ST   -Y,R30
000313 9508      	RET
                 
                 ;OPTIMIZER ADDED SUBROUTINE, CALLED 3 TIMES, CODE SIZE REDUCTION:1 WORDS
                 SUBOPT_0x1:
000314 93fa      	ST   -Y,R31
000315 93ea      	ST   -Y,R30
000316 940c 033c 	JMP  _delay_ms
                 
                 ;OPTIMIZER ADDED SUBROUTINE, CALLED 3 TIMES, CODE SIZE REDUCTION:1 WORDS
                 SUBOPT_0x2:
                +
000318 e6e9     +LDI R30 , LOW ( 2 * _0x0 + ( 17 ) )
000319 e0f0     +LDI R31 , HIGH ( 2 * _0x0 + ( 17 ) )
                 	__POINTW1FN _0x0,17
00031a 93fa      	ST   -Y,R31
00031b 93ea      	ST   -Y,R30
00031c 9508      	RET
                 
                 ;OPTIMIZER ADDED SUBROUTINE, CALLED 4 TIMES, CODE SIZE REDUCTION:3 WORDS
                 SUBOPT_0x3:
00031d 93fa      	ST   -Y,R31
00031e 93ea      	ST   -Y,R30
00031f 940c 00e6 	JMP  _write
                 
                 ;OPTIMIZER ADDED SUBROUTINE, CALLED 5 TIMES, CODE SIZE REDUCTION:9 WORDS
                 SUBOPT_0x4:
000321 93ea      	ST   -Y,R30
000322 ece8      	LDI  R30,LOW(200)
000323 e0f0      	LDI  R31,HIGH(200)
000324 93fa      	ST   -Y,R31
000325 93ea      	ST   -Y,R30
000326 9508      	RET
                 
                 ;OPTIMIZER ADDED SUBROUTINE, CALLED 6 TIMES, CODE SIZE REDUCTION:7 WORDS
                 SUBOPT_0x5:
000327 93fa      	ST   -Y,R31
000328 93ea      	ST   -Y,R30
000329 940c 0146 	JMP  _step
                 
                 ;OPTIMIZER ADDED SUBROUTINE, CALLED 4 TIMES, CODE SIZE REDUCTION:12 WORDS
                 SUBOPT_0x6:
00032b 93fa      	ST   -Y,R31
00032c 93ea      	ST   -Y,R30
00032d e3e2      	LDI  R30,LOW(50)
00032e 93ea      	ST   -Y,R30
00032f e0e1      	LDI  R30,LOW(1)
000330 cff0      	RJMP SUBOPT_0x4
                 
                 ;OPTIMIZER ADDED SUBROUTINE, CALLED 3 TIMES, CODE SIZE REDUCTION:5 WORDS
                 SUBOPT_0x7:
000331 940e 02c4 	CALL __long_delay_G102
000333 e3e0      	LDI  R30,LOW(48)
000334 93ea      	ST   -Y,R30
000335 940c 02c9 	JMP  __lcd_init_write_G102
                 
                 ;OPTIMIZER ADDED SUBROUTINE, CALLED 3 TIMES, CODE SIZE REDUCTION:3 WORDS
                 SUBOPT_0x8:
000337 93ea      	ST   -Y,R30
000338 940e 0247 	CALL __lcd_write_data
00033a 940c 02c4 	JMP  __long_delay_G102
                 
                 
                 	.CSEG
                 _delay_ms:
00033c 91e9      	ld   r30,y+
00033d 91f9      	ld   r31,y+
00033e 9630      	adiw r30,0
00033f f039      	breq __delay_ms1
                 __delay_ms0:
                +
000340 ea80     +LDI R24 , LOW ( 0xFA0 )
000341 e09f     +LDI R25 , HIGH ( 0xFA0 )
                +__DELAY_USW_LOOP :
000342 9701     +SBIW R24 , 1
000343 f7f1     +BRNE __DELAY_USW_LOOP
                 	__DELAY_USW 0xFA0
000344 95a8      	wdr
000345 9731      	sbiw r30,1
000346 f7c9      	brne __delay_ms0
                 __delay_ms1:
000347 9508      	ret
                 
                 __ROUND_REPACK:
000348 2355      	TST  R21
000349 f442      	BRPL __REPACK
00034a 3850      	CPI  R21,0x80
00034b f411      	BRNE __ROUND_REPACK0
00034c ffe0      	SBRS R30,0
00034d c004      	RJMP __REPACK
                 __ROUND_REPACK0:
00034e 9631      	ADIW R30,1
00034f 1f69      	ADC  R22,R25
000350 1f79      	ADC  R23,R25
000351 f06b      	BRVS __REPACK1
                 
                 __REPACK:
000352 e850      	LDI  R21,0x80
000353 2757      	EOR  R21,R23
000354 f411      	BRNE __REPACK0
000355 935f      	PUSH R21
000356 c073      	RJMP __ZERORES
                 __REPACK0:
000357 3f5f      	CPI  R21,0xFF
000358 f031      	BREQ __REPACK1
000359 0f66      	LSL  R22
00035a 0c00      	LSL  R0
00035b 9557      	ROR  R21
00035c 9567      	ROR  R22
00035d 2f75      	MOV  R23,R21
00035e 9508      	RET
                 __REPACK1:
00035f 935f      	PUSH R21
000360 2000      	TST  R0
000361 f00a      	BRMI __REPACK2
000362 c073      	RJMP __MAXRES
                 __REPACK2:
000363 c06c      	RJMP __MINRES
                 
                 __UNPACK:
000364 e850      	LDI  R21,0x80
000365 2e19      	MOV  R1,R25
000366 2215      	AND  R1,R21
000367 0f88      	LSL  R24
000368 1f99      	ROL  R25
000369 2795      	EOR  R25,R21
00036a 0f55      	LSL  R21
00036b 9587      	ROR  R24
                 
                 __UNPACK1:
00036c e850      	LDI  R21,0x80
00036d 2e07      	MOV  R0,R23
00036e 2205      	AND  R0,R21
00036f 0f66      	LSL  R22
000370 1f77      	ROL  R23
000371 2775      	EOR  R23,R21
000372 0f55      	LSL  R21
000373 9567      	ROR  R22
000374 9508      	RET
                 
                 __CFD1U:
000375 9468      	SET
000376 c001      	RJMP __CFD1U0
                 __CFD1:
000377 94e8      	CLT
                 __CFD1U0:
000378 935f      	PUSH R21
000379 dff2      	RCALL __UNPACK1
00037a 3870      	CPI  R23,0x80
00037b f018      	BRLO __CFD10
00037c 3f7f      	CPI  R23,0xFF
00037d f408      	BRCC __CFD10
00037e c04b      	RJMP __ZERORES
                 __CFD10:
00037f e156      	LDI  R21,22
000380 1b57      	SUB  R21,R23
000381 f4aa      	BRPL __CFD11
000382 9551      	NEG  R21
000383 3058      	CPI  R21,8
000384 f40e      	BRTC __CFD19
000385 3059      	CPI  R21,9
                 __CFD19:
000386 f030      	BRLO __CFD17
000387 efef      	SER  R30
000388 efff      	SER  R31
000389 ef6f      	SER  R22
00038a e77f      	LDI  R23,0x7F
00038b f977      	BLD  R23,7
00038c c01a      	RJMP __CFD15
                 __CFD17:
00038d 2777      	CLR  R23
00038e 2355      	TST  R21
00038f f0b9      	BREQ __CFD15
                 __CFD18:
000390 0fee      	LSL  R30
000391 1fff      	ROL  R31
000392 1f66      	ROL  R22
000393 1f77      	ROL  R23
000394 955a      	DEC  R21
000395 f7d1      	BRNE __CFD18
000396 c010      	RJMP __CFD15
                 __CFD11:
000397 2777      	CLR  R23
                 __CFD12:
000398 3058      	CPI  R21,8
000399 f028      	BRLO __CFD13
00039a 2fef      	MOV  R30,R31
00039b 2ff6      	MOV  R31,R22
00039c 2f67      	MOV  R22,R23
00039d 5058      	SUBI R21,8
00039e cff9      	RJMP __CFD12
                 __CFD13:
00039f 2355      	TST  R21
0003a0 f031      	BREQ __CFD15
                 __CFD14:
0003a1 9576      	LSR  R23
0003a2 9567      	ROR  R22
0003a3 95f7      	ROR  R31
0003a4 95e7      	ROR  R30
0003a5 955a      	DEC  R21
0003a6 f7d1      	BRNE __CFD14
                 __CFD15:
0003a7 2000      	TST  R0
0003a8 f40a      	BRPL __CFD16
0003a9 d0c5      	RCALL __ANEGD1
                 __CFD16:
0003aa 915f      	POP  R21
0003ab 9508      	RET
                 
                 __CDF1U:
0003ac 9468      	SET
0003ad c001      	RJMP __CDF1U0
                 __CDF1:
0003ae 94e8      	CLT
                 __CDF1U0:
0003af 9730      	SBIW R30,0
0003b0 4060      	SBCI R22,0
0003b1 4070      	SBCI R23,0
0003b2 f0b1      	BREQ __CDF10
0003b3 2400      	CLR  R0
0003b4 f026      	BRTS __CDF11
0003b5 2377      	TST  R23
0003b6 f412      	BRPL __CDF11
0003b7 9400      	COM  R0
0003b8 d0b6      	RCALL __ANEGD1
                 __CDF11:
0003b9 2e17      	MOV  R1,R23
0003ba e17e      	LDI  R23,30
0003bb 2011      	TST  R1
                 __CDF12:
0003bc f032      	BRMI __CDF13
0003bd 957a      	DEC  R23
0003be 0fee      	LSL  R30
0003bf 1fff      	ROL  R31
0003c0 1f66      	ROL  R22
0003c1 1c11      	ROL  R1
0003c2 cff9      	RJMP __CDF12
                 __CDF13:
0003c3 2fef      	MOV  R30,R31
0003c4 2ff6      	MOV  R31,R22
0003c5 2d61      	MOV  R22,R1
0003c6 935f      	PUSH R21
0003c7 df8a      	RCALL __REPACK
0003c8 915f      	POP  R21
                 __CDF10:
0003c9 9508      	RET
                 
                 __ZERORES:
0003ca 27ee      	CLR  R30
0003cb 27ff      	CLR  R31
0003cc 2766      	CLR  R22
0003cd 2777      	CLR  R23
0003ce 915f      	POP  R21
0003cf 9508      	RET
                 
                 __MINRES:
0003d0 efef      	SER  R30
0003d1 efff      	SER  R31
0003d2 e76f      	LDI  R22,0x7F
0003d3 ef7f      	SER  R23
0003d4 915f      	POP  R21
0003d5 9508      	RET
                 
                 __MAXRES:
0003d6 efef      	SER  R30
0003d7 efff      	SER  R31
0003d8 e76f      	LDI  R22,0x7F
0003d9 e77f      	LDI  R23,0x7F
0003da 915f      	POP  R21
0003db 9508      	RET
                 
                 __MULF12:
0003dc 935f      	PUSH R21
0003dd df86      	RCALL __UNPACK
0003de 3870      	CPI  R23,0x80
0003df f351      	BREQ __ZERORES
0003e0 3890      	CPI  R25,0x80
0003e1 f341      	BREQ __ZERORES
0003e2 2401      	EOR  R0,R1
0003e3 9408      	SEC
0003e4 1f79      	ADC  R23,R25
0003e5 f423      	BRVC __MULF124
0003e6 f31c      	BRLT __ZERORES
                 __MULF125:
0003e7 2000      	TST  R0
0003e8 f33a      	BRMI __MINRES
0003e9 cfec      	RJMP __MAXRES
                 __MULF124:
0003ea 920f      	PUSH R0
0003eb 931f      	PUSH R17
0003ec 932f      	PUSH R18
0003ed 933f      	PUSH R19
0003ee 934f      	PUSH R20
0003ef 2711      	CLR  R17
0003f0 2722      	CLR  R18
0003f1 2799      	CLR  R25
0003f2 9f68      	MUL  R22,R24
0003f3 01a0      	MOVW R20,R0
0003f4 9f8f      	MUL  R24,R31
0003f5 2d30      	MOV  R19,R0
0003f6 0d41      	ADD  R20,R1
0003f7 1f59      	ADC  R21,R25
0003f8 9f6b      	MUL  R22,R27
0003f9 0d30      	ADD  R19,R0
0003fa 1d41      	ADC  R20,R1
0003fb 1f59      	ADC  R21,R25
0003fc 9f8e      	MUL  R24,R30
0003fd d027      	RCALL __MULF126
0003fe 9fbf      	MUL  R27,R31
0003ff d025      	RCALL __MULF126
000400 9f6a      	MUL  R22,R26
000401 d023      	RCALL __MULF126
000402 9fbe      	MUL  R27,R30
000403 d01d      	RCALL __MULF127
000404 9faf      	MUL  R26,R31
000405 d01b      	RCALL __MULF127
000406 9fae      	MUL  R26,R30
000407 0d11      	ADD  R17,R1
000408 1f29      	ADC  R18,R25
000409 1f39      	ADC  R19,R25
00040a 1f49      	ADC  R20,R25
00040b 1f59      	ADC  R21,R25
00040c 2fe3      	MOV  R30,R19
00040d 2ff4      	MOV  R31,R20
00040e 2f65      	MOV  R22,R21
00040f 2f52      	MOV  R21,R18
000410 914f      	POP  R20
000411 913f      	POP  R19
000412 912f      	POP  R18
000413 911f      	POP  R17
000414 900f      	POP  R0
000415 2366      	TST  R22
000416 f02a      	BRMI __MULF122
000417 0f55      	LSL  R21
000418 1fee      	ROL  R30
000419 1fff      	ROL  R31
00041a 1f66      	ROL  R22
00041b c002      	RJMP __MULF123
                 __MULF122:
00041c 9573      	INC  R23
00041d f24b      	BRVS __MULF125
                 __MULF123:
00041e df29      	RCALL __ROUND_REPACK
00041f 915f      	POP  R21
000420 9508      	RET
                 
                 __MULF127:
000421 0d10      	ADD  R17,R0
000422 1d21      	ADC  R18,R1
000423 1f39      	ADC  R19,R25
000424 c002      	RJMP __MULF128
                 __MULF126:
000425 0d20      	ADD  R18,R0
000426 1d31      	ADC  R19,R1
                 __MULF128:
000427 1f49      	ADC  R20,R25
000428 1f59      	ADC  R21,R25
000429 9508      	RET
                 
                 __DIVF21:
00042a 935f      	PUSH R21
00042b df38      	RCALL __UNPACK
00042c 3870      	CPI  R23,0x80
00042d f421      	BRNE __DIVF210
00042e 2011      	TST  R1
                 __DIVF211:
00042f f40a      	BRPL __DIVF219
000430 cf9f      	RJMP __MINRES
                 __DIVF219:
000431 cfa4      	RJMP __MAXRES
                 __DIVF210:
000432 3890      	CPI  R25,0x80
000433 f409      	BRNE __DIVF218
                 __DIVF217:
000434 cf95      	RJMP __ZERORES
                 __DIVF218:
000435 2401      	EOR  R0,R1
000436 9408      	SEC
000437 0b97      	SBC  R25,R23
000438 f41b      	BRVC __DIVF216
000439 f3d4      	BRLT __DIVF217
00043a 2000      	TST  R0
00043b cff3      	RJMP __DIVF211
                 __DIVF216:
00043c 2f79      	MOV  R23,R25
00043d 931f      	PUSH R17
00043e 932f      	PUSH R18
00043f 933f      	PUSH R19
000440 934f      	PUSH R20
000441 2411      	CLR  R1
000442 2711      	CLR  R17
000443 2722      	CLR  R18
000444 2733      	CLR  R19
000445 2744      	CLR  R20
000446 2755      	CLR  R21
000447 e290      	LDI  R25,32
                 __DIVF212:
000448 17ae      	CP   R26,R30
000449 07bf      	CPC  R27,R31
00044a 0786      	CPC  R24,R22
00044b 0741      	CPC  R20,R17
00044c f030      	BRLO __DIVF213
00044d 1bae      	SUB  R26,R30
00044e 0bbf      	SBC  R27,R31
00044f 0b86      	SBC  R24,R22
000450 0b41      	SBC  R20,R17
000451 9408      	SEC
000452 c001      	RJMP __DIVF214
                 __DIVF213:
000453 9488      	CLC
                 __DIVF214:
000454 1f55      	ROL  R21
000455 1f22      	ROL  R18
000456 1f33      	ROL  R19
000457 1c11      	ROL  R1
000458 1faa      	ROL  R26
000459 1fbb      	ROL  R27
00045a 1f88      	ROL  R24
00045b 1f44      	ROL  R20
00045c 959a      	DEC  R25
00045d f751      	BRNE __DIVF212
00045e 01f9      	MOVW R30,R18
00045f 2d61      	MOV  R22,R1
000460 914f      	POP  R20
000461 913f      	POP  R19
000462 912f      	POP  R18
000463 911f      	POP  R17
000464 2366      	TST  R22
000465 f032      	BRMI __DIVF215
000466 0f55      	LSL  R21
000467 1fee      	ROL  R30
000468 1fff      	ROL  R31
000469 1f66      	ROL  R22
00046a 957a      	DEC  R23
00046b f243      	BRVS __DIVF217
                 __DIVF215:
00046c dedb      	RCALL __ROUND_REPACK
00046d 915f      	POP  R21
00046e 9508      	RET
                 
                 __ANEGD1:
00046f 95f0      	COM  R31
000470 9560      	COM  R22
000471 9570      	COM  R23
000472 95e1      	NEG  R30
000473 4fff      	SBCI R31,-1
000474 4f6f      	SBCI R22,-1
000475 4f7f      	SBCI R23,-1
000476 9508      	RET
                 
                 __CBD1:
000477 2ffe      	MOV  R31,R30
000478 0fff      	ADD  R31,R31
000479 0bff      	SBC  R31,R31
00047a 2f6f      	MOV  R22,R31
00047b 2f7f      	MOV  R23,R31
00047c 9508      	RET
                 
                 __MULW12U:
00047d 9ffa      	MUL  R31,R26
00047e 2df0      	MOV  R31,R0
00047f 9feb      	MUL  R30,R27
000480 0df0      	ADD  R31,R0
000481 9fea      	MUL  R30,R26
000482 2de0      	MOV  R30,R0
000483 0df1      	ADD  R31,R1
000484 9508      	RET
                 
                 __MULB1W2U:
000485 2f6e      	MOV  R22,R30
000486 9f6a      	MUL  R22,R26
000487 01f0      	MOVW R30,R0
000488 9f6b      	MUL  R22,R27
000489 0df0      	ADD  R31,R0
00048a 9508      	RET
                 
                 __DIVW21U:
00048b 2400      	CLR  R0
00048c 2411      	CLR  R1
00048d e190      	LDI  R25,16
                 __DIVW21U1:
00048e 0faa      	LSL  R26
00048f 1fbb      	ROL  R27
000490 1c00      	ROL  R0
000491 1c11      	ROL  R1
000492 1a0e      	SUB  R0,R30
000493 0a1f      	SBC  R1,R31
000494 f418      	BRCC __DIVW21U2
000495 0e0e      	ADD  R0,R30
000496 1e1f      	ADC  R1,R31
000497 c001      	RJMP __DIVW21U3
                 __DIVW21U2:
000498 60a1      	SBR  R26,1
                 __DIVW21U3:
000499 959a      	DEC  R25
00049a f799      	BRNE __DIVW21U1
00049b 01fd      	MOVW R30,R26
00049c 01d0      	MOVW R26,R0
00049d 9508      	RET
                 
                 __GETD1P_INC:
00049e 91ed      	LD   R30,X+
00049f 91fd      	LD   R31,X+
0004a0 916d      	LD   R22,X+
0004a1 917d      	LD   R23,X+
0004a2 9508      	RET
                 
                 __PUTDP1_DEC:
0004a3 937e      	ST   -X,R23
0004a4 936e      	ST   -X,R22
0004a5 93fe      	ST   -X,R31
0004a6 93ee      	ST   -X,R30
0004a7 9508      	RET
                 
                 __PUTD1S0:
0004a8 83e8      	ST   Y,R30
0004a9 83f9      	STD  Y+1,R31
0004aa 836a      	STD  Y+2,R22
0004ab 837b      	STD  Y+3,R23
0004ac 9508      	RET
                 
                 ;END OF CODE MARKER
                 __END_OF_CODE:


RESOURCE USE INFORMATION
------------------------

Notice:
The register and instruction counts are symbol table hit counts,
and hence implicitly used resources are not counted, eg, the
'lpm' instruction without operands implicitly uses r0 and z,
none of which are counted.

x,y,z are separate entities in the symbol table and are
counted separately from r26..r31 here.

.dseg memory usage only counts static data declared with .byte

ATmega32 register use summary:
r0 :  32 r1 :  23 r2 :   0 r3 :   0 r4 :   1 r5 :   1 r6 :   4 r7 :   7 
r8 :   1 r9 :   1 r10:   4 r11:   2 r12:   2 r13:   4 r14:   0 r15:   0 
r16:   0 r17:  17 r18:  12 r19:  12 r20:  14 r21:  49 r22:  48 r23:  45 
r24:  19 r25:  28 r26:  65 r27:  26 r28:   8 r29:   1 r30: 262 r31: 104 
x  :  12 y  : 120 z  :   9 
Registers used: 30 out of 35 (85.7%)

ATmega32 instruction use summary:
.lds  :   0 .lds.l:   0 .sts  :   0 .sts.l:   0 adc   :  16 add   :  11 
adiw  :  10 and   :   2 andi  :   6 asr   :   0 bclr  :   0 bld   :   1 
brbc  :   0 brbs  :   0 brcc  :   2 brcs  :   0 break :   0 breq  :  13 
brge  :   0 brhc  :   0 brhs  :   0 brid  :   0 brie  :   0 brlo  :   5 
brlt  :   2 brmi  :   5 brne  :  22 brpl  :   5 brsh  :   1 brtc  :   1 
brts  :   2 brvc  :   2 brvs  :   3 bset  :   0 bst   :   0 call  :  69 
cbi   :  12 cbr   :   0 clc   :   1 clh   :   0 cli   :   2 cln   :   0 
clr   :  27 cls   :   0 clt   :   3 clv   :   0 clz   :   0 com   :   4 
cp    :   7 cpc   :   4 cpi   :  19 cpse  :   0 dec   :   8 des   :   0 
eor   :   5 fmul  :   0 fmuls :   0 fmulsu:   0 icall :   0 ijmp  :   0 
in    :  10 inc   :   3 jmp   :  32 ld    :  29 ldd   :  23 ldi   : 140 
lds   :   0 lpm   :   9 lsl   :  11 lsr   :   1 mov   :  31 movw  :  13 
mul   :  14 muls  :   0 mulsu :   0 neg   :   2 nop   :   0 or    :   2 
ori   :   3 out   :  49 pop   :  18 push  :  17 rcall :  37 ret   :  37 
reti  :   1 rjmp  :  40 rol   :  25 ror   :   7 sbc   :   6 sbci  :  17 
sbi   :  13 sbic  :   5 sbis  :   1 sbiw  :  11 sbr   :   1 sbrc  :   1 
sbrs  :   1 sec   :   3 seh   :   0 sei   :   0 sen   :   0 ser   :   8 
ses   :   0 set   :   3 sev   :   0 sez   :   0 sleep :   0 spm   :   0 
st    :  74 std   :   7 sts   :   2 sub   :   3 subi  :   7 swap  :   2 
tst   :  12 wdr   :   1 
Instructions used: 74 out of 116 (63.8%)

ATmega32 memory use summary [bytes]:
Segment   Begin    End      Code   Data   Used    Size   Use%
---------------------------------------------------------------
[.cseg] 0x000000 0x00095a   2208    186   2394   32768   7.3%
[.dseg] 0x000060 0x00026c      0     12     12    2143   0.6%
[.eseg] 0x000000 0x000000      0      0      0    1024   0.0%

Assembly complete, 0 errors, 10 warnings
